INFO: [COSIM-47] Using XSIM for RTL simulation.
INFO: [COSIM-14] Instrumenting C test bench ...
   Build using "D:/Xilinx/Vitis_HLS/2023.2/tps/win64/msys64/mingw64/bin/g++"
   Compiling hazard_detector.cpp_pre.cpp.tb.cpp
   Compiling test_hart.cpp_pre.cpp.tb.cpp
   Compiling OP_AL_32I.cpp_pre.cpp.tb.cpp
   Compiling apatb_top_module.cpp
   Compiling top_module.cpp_pre.cpp.tb.cpp
   Compiling hart.cpp_pre.cpp.tb.cpp
   Compiling OP_AL_B.cpp_pre.cpp.tb.cpp
   Compiling apatb_top_module_ir.ll
   Generating cosim.tv.exe
INFO: [COSIM-302] Starting C TB testing ... 
INFO: [COSIM-333] Generating C post check test bench ...
INFO: [COSIM-12] Generating RTL test bench ...
INFO: [COSIM-1] *** C/RTL co-simulation file generation completed. ***
INFO: [COSIM-323] Starting verilog simulation. 
INFO: [COSIM-15] Starting XSIM ...
INFO: [COSIM-316] Starting C post checking ...
inst 0pc 0 0x0f0ab537 0x1f450513
0x0 next pc
inst 1pc 0 0x0f0ab537 0x1f450513
0x08 next pc
inst 2pc 8 0x100593 0x200613
0x10 next pc
inst 3pc 10 0x400693 0x0800713
0x18 next pc
inst 4pc 18 0x413 0x13
0x20 next pc
inst 5pc 20 0x0a5f2b3 0x0a67333
0x28 next pc
inst 6pc 28 0x0a6f3b3 0x0a77e33
0x30 next pc
inst 7pc 30 0x5302b3 0x7e03b3
0x38 next pc
inst 8pc 38 0x538433 0x455513
0x40 next pc
inst 9pc 40 0xfe0510e3 0x13
0x20 next pc
inst apc 20 0x0a5f2b3 0x0a67333
0x28 next pc
inst bpc 28 0x0a6f3b3 0x0a77e33
0x30 next pc
inst cpc 30 0x5302b3 0x7e03b3
0x38 next pc
inst dpc 38 0x538433 0x455513
0x40 next pc
inst epc 40 0xfe0510e3 0x13
0x20 next pc
inst fpc 20 0x0a5f2b3 0x0a67333
0x28 next pc
inst 10pc 28 0x0a6f3b3 0x0a77e33
0x30 next pc
inst 11pc 30 0x5302b3 0x7e03b3
0x38 next pc
inst 12pc 38 0x538433 0x455513
0x40 next pc
inst 13pc 40 0xfe0510e3 0x13
0x20 next pc
inst 14pc 20 0x0a5f2b3 0x0a67333
0x28 next pc
inst 15pc 28 0x0a6f3b3 0x0a77e33
0x30 next pc
inst 16pc 30 0x5302b3 0x7e03b3
0x38 next pc
inst 17pc 38 0x538433 0x455513
0x40 next pc
inst 18pc 40 0xfe0510e3 0x13
0x20 next pc
inst 19pc 20 0x0a5f2b3 0x0a67333
0x28 next pc
inst 1apc 28 0x0a6f3b3 0x0a77e33
0x30 next pc
inst 1bpc 30 0x5302b3 0x7e03b3
0x38 next pc
inst 1cpc 38 0x538433 0x455513
0x40 next pc
inst 1dpc 40 0xfe0510e3 0x13
0x20 next pc
inst 1epc 20 0x0a5f2b3 0x0a67333
0x28 next pc
inst 1fpc 28 0x0a6f3b3 0x0a77e33
0x30 next pc
inst 20pc 30 0x5302b3 0x7e03b3
0x38 next pc
inst 21pc 38 0x538433 0x455513
0x40 next pc
inst 22pc 40 0xfe0510e3 0x13
0x20 next pc
inst 23pc 20 0x0a5f2b3 0x0a67333
0x28 next pc
inst 24pc 28 0x0a6f3b3 0x0a77e33
0x30 next pc
inst 25pc 30 0x5302b3 0x7e03b3
0x38 next pc
inst 26pc 38 0x538433 0x455513
0x40 next pc
inst 27pc 40 0xfe0510e3 0x13
0x48 next pc

D:\CMPE446-RV32IM\CMPE446-RV32IM\Project\solution1\sim\verilog>set PATH= 

D:\CMPE446-RV32IM\CMPE446-RV32IM\Project\solution1\sim\verilog>call D:/Xilinx/Vivado/2023.2/bin/xelab xil_defaultlib.apatb_top_module_top glbl -Oenable_linking_all_libraries  -prj top_module.prj -L smartconnect_v1_0 -L axi_protocol_checker_v1_1_12 -L axi_protocol_checker_v1_1_13 -L axis_protocol_checker_v1_1_11 -L axis_protocol_checker_v1_1_12 -L xil_defaultlib -L unisims_ver -L xpm  -L floating_point_v7_1_16 -L floating_point_v7_0_21 --lib "ieee_proposed=./ieee_proposed" -s top_module -debug all 
Vivado Simulator v2023.2
Copyright 1986-2022 Xilinx, Inc. All Rights Reserved.
Copyright 2022-2023 Advanced Micro Devices, Inc. All Rights Reserved.
Running: D:/Xilinx/Vivado/2023.2/bin/unwrapped/win64.o/xelab.exe xil_defaultlib.apatb_top_module_top glbl -Oenable_linking_all_libraries -prj top_module.prj -L smartconnect_v1_0 -L axi_protocol_checker_v1_1_12 -L axi_protocol_checker_v1_1_13 -L axis_protocol_checker_v1_1_11 -L axis_protocol_checker_v1_1_12 -L xil_defaultlib -L unisims_ver -L xpm -L floating_point_v7_1_16 -L floating_point_v7_0_21 --lib ieee_proposed=./ieee_proposed -s top_module -debug all 
Multi-threading is on. Using 10 slave threads.
INFO: [VRFC 10-2263] Analyzing SystemVerilog file "D:/CMPE446-RV32IM/CMPE446-RV32IM/Project/solution1/sim/verilog/glbl.v" into library work
INFO: [VRFC 10-311] analyzing module glbl
INFO: [VRFC 10-2263] Analyzing SystemVerilog file "D:/CMPE446-RV32IM/CMPE446-RV32IM/Project/solution1/sim/verilog/top_module.autotb.v" into library xil_defaultlib
INFO: [VRFC 10-311] analyzing module apatb_top_module_top
INFO: [VRFC 10-2263] Analyzing SystemVerilog file "D:/CMPE446-RV32IM/CMPE446-RV32IM/Project/solution1/sim/verilog/top_module.v" into library xil_defaultlib
INFO: [VRFC 10-311] analyzing module top_module
INFO: [VRFC 10-2263] Analyzing SystemVerilog file "D:/CMPE446-RV32IM/CMPE446-RV32IM/Project/solution1/sim/verilog/top_module_hart.v" into library xil_defaultlib
INFO: [VRFC 10-311] analyzing module top_module_hart
INFO: [VRFC 10-2263] Analyzing SystemVerilog file "D:/CMPE446-RV32IM/CMPE446-RV32IM/Project/solution1/sim/verilog/top_module_OP_AL_32I.v" into library xil_defaultlib
INFO: [VRFC 10-311] analyzing module top_module_OP_AL_32I
INFO: [VRFC 10-2263] Analyzing SystemVerilog file "D:/CMPE446-RV32IM/CMPE446-RV32IM/Project/solution1/sim/verilog/top_module_sparsemux_65_5_32_1_1.v" into library xil_defaultlib
INFO: [VRFC 10-311] analyzing module top_module_sparsemux_65_5_32_1_1
INFO: [VRFC 10-2263] Analyzing SystemVerilog file "D:/CMPE446-RV32IM/CMPE446-RV32IM/Project/solution1/sim/verilog/dataflow_monitor.sv" into library xil_defaultlib
INFO: [VRFC 10-311] analyzing module dataflow_monitor
Starting static elaboration
Pass Through NonSizing Optimizer
Completed static elaboration
Starting simulation data flow analysis
Completed simulation data flow analysis
Time Resolution for simulation is 1ps
Compiling package xil_defaultlib.$unit_dataflow_monitor_sv
Compiling module xil_defaultlib.top_module_OP_AL_32I
Compiling module xil_defaultlib.top_module_hart
Compiling module xil_defaultlib.top_module_sparsemux_65_5_32_1_1...
Compiling module xil_defaultlib.top_module
Compiling module xil_defaultlib.nodf_module_intf
Compiling module xil_defaultlib.dataflow_monitor_1
Compiling module xil_defaultlib.apatb_top_module_top
Compiling module work.glbl
Built simulation snapshot top_module

****** xsim v2023.2 (64-bit)
  **** SW Build 4029153 on Fri Oct 13 20:14:34 MDT 2023
  **** IP Build 4028589 on Sat Oct 14 00:45:43 MDT 2023
  **** SharedData Build 4025554 on Tue Oct 10 17:18:54 MDT 2023
    ** Copyright 1986-2022 Xilinx, Inc. All Rights Reserved.
    ** Copyright 2022-2023 Advanced Micro Devices, Inc. All Rights Reserved.

start_gui
INFO: [Common 17-206] Exiting xsim at Fri Apr 19 20:13:21 2024...
inst 0pc 0 0x0f0ab537 0x1f450513
0x0 next pc
inst 1pc 0 0x0f0ab537 0x1f450513
0x08 next pc
inst 2pc 8 0x100593 0x200613
0x10 next pc
inst 3pc 10 0x400693 0x0800713
0x18 next pc
inst 4pc 18 0x413 0x13
0x20 next pc
inst 5pc 20 0x0a5f2b3 0x0a67333
0x28 next pc
inst 6pc 28 0x0a6f3b3 0x0a77e33
0x30 next pc
inst 7pc 30 0x5302b3 0x7e03b3
0x38 next pc
inst 8pc 38 0x538433 0x455513
0x40 next pc
inst 9pc 40 0xfe0510e3 0x13
0x20 next pc
inst apc 20 0x0a5f2b3 0x0a67333
0x28 next pc
inst bpc 28 0x0a6f3b3 0x0a77e33
0x30 next pc
inst cpc 30 0x5302b3 0x7e03b3
0x38 next pc
inst dpc 38 0x538433 0x455513
0x40 next pc
inst epc 40 0xfe0510e3 0x13
0x20 next pc
inst fpc 20 0x0a5f2b3 0x0a67333
0x28 next pc
inst 10pc 28 0x0a6f3b3 0x0a77e33
0x30 next pc
inst 11pc 30 0x5302b3 0x7e03b3
0x38 next pc
inst 12pc 38 0x538433 0x455513
0x40 next pc
inst 13pc 40 0xfe0510e3 0x13
0x20 next pc
inst 14pc 20 0x0a5f2b3 0x0a67333
0x28 next pc
inst 15pc 28 0x0a6f3b3 0x0a77e33
0x30 next pc
inst 16pc 30 0x5302b3 0x7e03b3
0x38 next pc
inst 17pc 38 0x538433 0x455513
0x40 next pc
inst 18pc 40 0xfe0510e3 0x13
0x20 next pc
inst 19pc 20 0x0a5f2b3 0x0a67333
0x28 next pc
inst 1apc 28 0x0a6f3b3 0x0a77e33
0x30 next pc
inst 1bpc 30 0x5302b3 0x7e03b3
0x38 next pc
inst 1cpc 38 0x538433 0x455513
0x40 next pc
inst 1dpc 40 0xfe0510e3 0x13
0x20 next pc
inst 1epc 20 0x0a5f2b3 0x0a67333
0x28 next pc
inst 1fpc 28 0x0a6f3b3 0x0a77e33
0x30 next pc
inst 20pc 30 0x5302b3 0x7e03b3
0x38 next pc
inst 21pc 38 0x538433 0x455513
0x40 next pc
inst 22pc 40 0xfe0510e3 0x13
0x20 next pc
inst 23pc 20 0x0a5f2b3 0x0a67333
0x28 next pc
inst 24pc 28 0x0a6f3b3 0x0a77e33
0x30 next pc
inst 25pc 30 0x5302b3 0x7e03b3
0x38 next pc
inst 26pc 38 0x538433 0x455513
0x40 next pc
inst 27pc 40 0xfe0510e3 0x13
0x48 next pc
INFO: [COSIM-1000] *** C/RTL co-simulation finished: PASS ***
