INFO: [SIM 2] *************** CSIM start ***************
INFO: [SIM 4] CSIM will launch GCC as the compiler.
   Compiling ../../../../test_hart.cpp in debug mode
   Compiling ../../../../OP_AL_32I.cpp in debug mode
   Compiling ../../../../OP_AL_B.cpp in debug mode
   Compiling ../../../../hart.cpp in debug mode
   Compiling ../../../../hazard_detector.cpp in debug mode
   Compiling ../../../../top_module.cpp in debug mode
   Generating csim.exe
inst 0pc 0 0x0f0ab537 0x1f450513
0x0 next pc
inst 1pc 0 0x0f0ab537 0x1f450513
0x08 next pc
inst 2pc 8 0x100593 0x413
0x10 next pc
inst 3pc 10 0x0a5f2b3 0x540433
0x10 next pc
inst 4pc 10 0x0a5f2b3 0x540433
0x18 next pc
inst 5pc 18 0x155513 0xfe051ae3
0x18 next pc
inst 6pc 18 0x155513 0xfe051ae3
0x10 next pc
inst 7pc 10 0x0a5f2b3 0x540433
0x10 next pc
inst 8pc 10 0x0a5f2b3 0x540433
0x18 next pc
inst 9pc 18 0x155513 0xfe051ae3
0x18 next pc
inst apc 18 0x155513 0xfe051ae3
0x10 next pc
inst bpc 10 0x0a5f2b3 0x540433
0x10 next pc
inst cpc 10 0x0a5f2b3 0x540433
0x18 next pc
inst dpc 18 0x155513 0xfe051ae3
0x18 next pc
inst epc 18 0x155513 0xfe051ae3
0x10 next pc
inst fpc 10 0x0a5f2b3 0x540433
0x10 next pc
inst 10pc 10 0x0a5f2b3 0x540433
0x18 next pc
inst 11pc 18 0x155513 0xfe051ae3
0x18 next pc
inst 12pc 18 0x155513 0xfe051ae3
0x10 next pc
inst 13pc 10 0x0a5f2b3 0x540433
0x10 next pc
inst 14pc 10 0x0a5f2b3 0x540433
0x18 next pc
inst 15pc 18 0x155513 0xfe051ae3
0x18 next pc
inst 16pc 18 0x155513 0xfe051ae3
0x10 next pc
inst 17pc 10 0x0a5f2b3 0x540433
0x10 next pc
inst 18pc 10 0x0a5f2b3 0x540433
0x18 next pc
inst 19pc 18 0x155513 0xfe051ae3
0x18 next pc
inst 1apc 18 0x155513 0xfe051ae3
0x10 next pc
inst 1bpc 10 0x0a5f2b3 0x540433
0x10 next pc
inst 1cpc 10 0x0a5f2b3 0x540433
0x18 next pc
inst 1dpc 18 0x155513 0xfe051ae3
0x18 next pc
inst 1epc 18 0x155513 0xfe051ae3
0x10 next pc
inst 1fpc 10 0x0a5f2b3 0x540433
0x10 next pc
inst 20pc 10 0x0a5f2b3 0x540433
0x18 next pc
inst 21pc 18 0x155513 0xfe051ae3
0x18 next pc
inst 22pc 18 0x155513 0xfe051ae3
0x10 next pc
inst 23pc 10 0x0a5f2b3 0x540433
0x10 next pc
inst 24pc 10 0x0a5f2b3 0x540433
0x18 next pc
inst 25pc 18 0x155513 0xfe051ae3
0x18 next pc
inst 26pc 18 0x155513 0xfe051ae3
0x10 next pc
inst 27pc 10 0x0a5f2b3 0x540433
0x10 next pc
inst 28pc 10 0x0a5f2b3 0x540433
0x18 next pc
inst 29pc 18 0x155513 0xfe051ae3
0x18 next pc
inst 2apc 18 0x155513 0xfe051ae3
0x10 next pc
inst 2bpc 10 0x0a5f2b3 0x540433
0x10 next pc
inst 2cpc 10 0x0a5f2b3 0x540433
0x18 next pc
inst 2dpc 18 0x155513 0xfe051ae3
0x18 next pc
inst 2epc 18 0x155513 0xfe051ae3
0x10 next pc
inst 2fpc 10 0x0a5f2b3 0x540433
0x10 next pc
inst 30pc 10 0x0a5f2b3 0x540433
0x18 next pc
inst 31pc 18 0x155513 0xfe051ae3
0x18 next pc
inst 32pc 18 0x155513 0xfe051ae3
0x10 next pc
inst 33pc 10 0x0a5f2b3 0x540433
0x10 next pc
inst 34pc 10 0x0a5f2b3 0x540433
0x18 next pc
inst 35pc 18 0x155513 0xfe051ae3
0x18 next pc
inst 36pc 18 0x155513 0xfe051ae3
0x10 next pc
inst 37pc 10 0x0a5f2b3 0x540433
0x10 next pc
inst 38pc 10 0x0a5f2b3 0x540433
0x18 next pc
inst 39pc 18 0x155513 0xfe051ae3
0x18 next pc
inst 3apc 18 0x155513 0xfe051ae3
0x10 next pc
inst 3bpc 10 0x0a5f2b3 0x540433
0x10 next pc
inst 3cpc 10 0x0a5f2b3 0x540433
0x18 next pc
inst 3dpc 18 0x155513 0xfe051ae3
0x18 next pc
inst 3epc 18 0x155513 0xfe051ae3
0x10 next pc
inst 3fpc 10 0x0a5f2b3 0x540433
0x10 next pc
inst 40pc 10 0x0a5f2b3 0x540433
0x18 next pc
inst 41pc 18 0x155513 0xfe051ae3
0x18 next pc
inst 42pc 18 0x155513 0xfe051ae3
0x10 next pc
inst 43pc 10 0x0a5f2b3 0x540433
0x10 next pc
inst 44pc 10 0x0a5f2b3 0x540433
0x18 next pc
inst 45pc 18 0x155513 0xfe051ae3
0x18 next pc
inst 46pc 18 0x155513 0xfe051ae3
0x10 next pc
inst 47pc 10 0x0a5f2b3 0x540433
0x10 next pc
inst 48pc 10 0x0a5f2b3 0x540433
0x18 next pc
inst 49pc 18 0x155513 0xfe051ae3
0x18 next pc
inst 4apc 18 0x155513 0xfe051ae3
0x10 next pc
inst 4bpc 10 0x0a5f2b3 0x540433
0x10 next pc
inst 4cpc 10 0x0a5f2b3 0x540433
0x18 next pc
inst 4dpc 18 0x155513 0xfe051ae3
0x18 next pc
inst 4epc 18 0x155513 0xfe051ae3
0x10 next pc
inst 4fpc 10 0x0a5f2b3 0x540433
0x10 next pc
inst 50pc 10 0x0a5f2b3 0x540433
0x18 next pc
inst 51pc 18 0x155513 0xfe051ae3
0x18 next pc
inst 52pc 18 0x155513 0xfe051ae3
0x10 next pc
inst 53pc 10 0x0a5f2b3 0x540433
0x10 next pc
inst 54pc 10 0x0a5f2b3 0x540433
0x18 next pc
inst 55pc 18 0x155513 0xfe051ae3
0x18 next pc
inst 56pc 18 0x155513 0xfe051ae3
0x10 next pc
inst 57pc 10 0x0a5f2b3 0x540433
0x10 next pc
inst 58pc 10 0x0a5f2b3 0x540433
0x18 next pc
inst 59pc 18 0x155513 0xfe051ae3
0x18 next pc
inst 5apc 18 0x155513 0xfe051ae3
0x10 next pc
inst 5bpc 10 0x0a5f2b3 0x540433
0x10 next pc
inst 5cpc 10 0x0a5f2b3 0x540433
0x18 next pc
inst 5dpc 18 0x155513 0xfe051ae3
0x18 next pc
inst 5epc 18 0x155513 0xfe051ae3
0x10 next pc
inst 5fpc 10 0x0a5f2b3 0x540433
0x10 next pc
inst 60pc 10 0x0a5f2b3 0x540433
0x18 next pc
inst 61pc 18 0x155513 0xfe051ae3
0x18 next pc
inst 62pc 18 0x155513 0xfe051ae3
0x10 next pc
inst 63pc 10 0x0a5f2b3 0x540433
0x10 next pc
inst 64pc 10 0x0a5f2b3 0x540433
0x18 next pc
inst 65pc 18 0x155513 0xfe051ae3
0x18 next pc
inst 66pc 18 0x155513 0xfe051ae3
0x10 next pc
inst 67pc 10 0x0a5f2b3 0x540433
0x10 next pc
inst 68pc 10 0x0a5f2b3 0x540433
0x18 next pc
inst 69pc 18 0x155513 0xfe051ae3
0x18 next pc
inst 6apc 18 0x155513 0xfe051ae3
0x10 next pc
inst 6bpc 10 0x0a5f2b3 0x540433
0x10 next pc
inst 6cpc 10 0x0a5f2b3 0x540433
0x18 next pc
inst 6dpc 18 0x155513 0xfe051ae3
0x18 next pc
inst 6epc 18 0x155513 0xfe051ae3
0x10 next pc
inst 6fpc 10 0x0a5f2b3 0x540433
0x10 next pc
inst 70pc 10 0x0a5f2b3 0x540433
0x18 next pc
inst 71pc 18 0x155513 0xfe051ae3
0x18 next pc
inst 72pc 18 0x155513 0xfe051ae3
0x20 next pc
INFO: [SIM 1] CSim done with 0 errors.
INFO: [SIM 3] *************** CSIM finish ***************
