

================================================================
== Synthesis Summary Report of 'hart'
================================================================
+ General Information: 
    * Date:           Sun Apr 14 20:14:21 2024
    * Version:        2023.2 (Build 4023990 on Oct 11 2023)
    * Project:        assignment
    * Solution:       solution1 (Vivado IP Flow Target)
    * Product family: virtex7
    * Target device:  xc7vx550t-ffg1927-1
    

+ Performance & Resource Estimates: 
    
    PS: '+' for module; 'o' for loop; '*' for dataflow
    +--------------+------+------+---------+--------+----------+---------+------+----------+---------+----+-----------+------------+-----+
    |    Modules   | Issue|      | Latency | Latency| Iteration|         | Trip |          |         |    |           |            |     |
    |    & Loops   | Type | Slack| (cycles)|  (ns)  |  Latency | Interval| Count| Pipelined|  BRAM   | DSP|     FF    |     LUT    | URAM|
    +--------------+------+------+---------+--------+----------+---------+------+----------+---------+----+-----------+------------+-----+
    |+ hart        |     -|  0.64|        5|  50.000|         -|        6|     -|        no|  2 (~0%)|   -|  194 (~0%)|  1678 (~0%)|    -|
    | + OP_AL_32I  |     -|  1.39|        1|  10.000|         -|        1|     -|        no|        -|   -|  101 (~0%)|  1350 (~0%)|    -|
    +--------------+------+------+---------+--------+----------+---------+------+----------+---------+----+-----------+------------+-----+


================================================================
== HW Interfaces
================================================================
* Other Ports
+-----------+---------+-----------+----------+
| Port      | Mode    | Direction | Bitwidth |
+-----------+---------+-----------+----------+
| ap_return |         | out       | 64       |
| inst      | ap_none | in        | 32       |
| pc        | ap_none | in        | 32       |
+-----------+---------+-----------+----------+

* TOP LEVEL CONTROL
+-----------+------------+-----------------------------------+
| Interface | Type       | Ports                             |
+-----------+------------+-----------------------------------+
| ap_clk    | clock      | ap_clk                            |
| ap_rst    | reset      | ap_rst                            |
| ap_ctrl   | ap_ctrl_hs | ap_done ap_idle ap_ready ap_start |
+-----------+------------+-----------------------------------+


================================================================
== SW I/O Information
================================================================
* Top Function Arguments
+----------+-----------+------------+
| Argument | Direction | Datatype   |
+----------+-----------+------------+
| inst     | in        | ap_int<32> |
| pc       | in        | ap_int<32> |
| return   | out       |            |
+----------+-----------+------------+

* SW-to-HW Mapping
+----------+--------------+---------+
| Argument | HW Interface | HW Type |
+----------+--------------+---------+
| inst     | inst         | port    |
| pc       | pc           | port    |
| return   | ap_return    | port    |
+----------+--------------+---------+


================================================================
== Bind Op Report
================================================================
+------------------------+-----+--------+------------+-----+--------+---------+
| Name                   | DSP | Pragma | Variable   | Op  | Impl   | Latency |
+------------------------+-----+--------+------------+-----+--------+---------+
| + hart                 | 0   |        |            |     |        |         |
|   grp_fu_220_p2        |     |        | t          | add | fabric | 0       |
|   grp_fu_220_p2        |     |        | add_ln40   | add | fabric | 0       |
|   add_ln39_fu_311_p2   |     |        | add_ln39   | add | fabric | 0       |
|   next_pc_fu_366_p2    |     |        | next_pc    | add | fabric | 0       |
|  + OP_AL_32I           | 0   |        |            |     |        |         |
|    grp_fu_279_p2       |     |        | rd_val     | add | fabric | 0       |
|    grp_fu_299_p2       |     |        | sub_ln64   | sub | fabric | 0       |
|    grp_fu_299_p2       |     |        | sub_ln37_1 | sub | fabric | 0       |
|    grp_fu_299_p2       |     |        | sub_ln37   | sub | fabric | 0       |
|    rd_val_12_fu_431_p2 |     |        | rd_val_12  | sub | fabric | 0       |
|    grp_fu_299_p2       |     |        | sub_ln26   | sub | fabric | 0       |
|    grp_fu_299_p2       |     |        | sub_ln22   | sub | fabric | 0       |
|    grp_fu_279_p2       |     |        | rd_val_7   | add | fabric | 0       |
+------------------------+-----+--------+------------+-----+--------+---------+


================================================================
== Storage Report
================================================================
+--------+---------+------+------+------+--------+----------+------+---------+------------------+
| Name   | Usage   | Type | BRAM | URAM | Pragma | Variable | Impl | Latency | Bitwidth, Depth, |
|        |         |      |      |      |        |          |      |         | Banks            |
+--------+---------+------+------+------+--------+----------+------+---------+------------------+
| + hart |         |      | 2    | 0    |        |          |      |         |                  |
|   rf_U | ram_t2p |      | 2    |      |        | rf       | auto | 1       | 32, 32, 1        |
+--------+---------+------+------+------+--------+----------+------+---------+------------------+


================================================================
== Pragma Report
================================================================
  No pragmas found

