INFO-FLOW: Workspace E:/assignment/assignment/solution1 opened at Sun Apr 14 20:13:24 +0300 2024
Execute     ap_set_clock -name default -period 10 -default=false 
INFO: [SYN 201-201] Setting up clock 'default' with a period of 10ns.
Execute     set_part xc7vx550t-ffg1927-1 
Execute       create_platform xc7vx550t-ffg1927-1 -board  
DBG:HLSDevice: Trying to load device library: E:/Xilinx/Vitis_HLS/2023.2\lib\win64.o\xv_hlsvwrap.dll
DBG:HLSDevice: first parts/arch.xml in RDI_DATADIR: E:/Xilinx/Vivado/2023.2/data/parts/arch.xml
DBG:HLSDevice: init success
INFO: [HLS 200-1611] Setting target device to 'xc7vx550t-ffg1927-1'
Command       create_platform done; 20.542 sec.
Execute       source E:/Xilinx/Vitis_HLS/2023.2/common/technology/xilinx/common/xilinx.gen 
Execute         source E:/Xilinx/Vitis_HLS/2023.2/common/technology/xilinx/interface/plb46.gen 
Execute         source E:/Xilinx/Vitis_HLS/2023.2/common/technology/xilinx/interface/axi4.gen 
Execute         source E:/Xilinx/Vitis_HLS/2023.2/common/technology/xilinx/interface/nativeAXI4.gen 
Execute           source E:/Xilinx/Vitis_HLS/2023.2/common/technology/xilinx/interface/saxilite.gen 
Execute         source E:/Xilinx/Vitis_HLS/2023.2/common/technology/xilinx/scripts/xilinxcoregen.gen 
Execute         source E:/Xilinx/Vitis_HLS/2023.2/common/technology/xilinx/interface/XilEDKCoreGen.gen 
Execute         source E:/Xilinx/Vitis_HLS/2023.2/common/technology/xilinx/ip/dds_compiler.gen 
Execute         source E:/Xilinx/Vitis_HLS/2023.2/common/technology/xilinx/ip/util.gen 
Execute         source E:/Xilinx/Vitis_HLS/2023.2/common/technology/xilinx/ip/xfft.gen 
Execute         source E:/Xilinx/Vitis_HLS/2023.2/common/technology/xilinx/ip/xfir.gen 
Execute         source E:/Xilinx/Vitis_HLS/2023.2/common/technology/xilinx/DSP48/dsp48.gen 
Command       ap_source done; 0.334 sec.
Execute       ap_part_info -name xc7vx550t-ffg1927-1 -data info 
Execute       config_compile -quiet -complex-mul-dsp=0 
Command     set_part done; 20.947 sec.
Execute     send_msg_by_id INFO @200-1505@%s%s  vivado 
INFO: [HLS 200-1505] Using flow_target 'vivado'
Execute     send_msg_by_id INFO @200-1464@%s config_cosim -tool=xsim 
INFO: [HLS 200-1464] Running solution command: config_cosim -tool=xsim
Execute     config_cosim -tool=xsim 
Execute     send_msg_by_id INFO @200-1464@%s config_cosim -trace_level=all 
INFO: [HLS 200-1464] Running solution command: config_cosim -trace_level=all
Execute     config_cosim -trace_level=all 
Execute     send_msg_by_id INFO @200-1464@%s config_cosim -wave_debug=1 
INFO: [HLS 200-1464] Running solution command: config_cosim -wave_debug=1
Execute     config_cosim -wave_debug=1 
Execute     send_msg_by_id INFO @200-1464@%s config_export -format=ip_catalog 
INFO: [HLS 200-1464] Running solution command: config_export -format=ip_catalog
Execute     config_export -format=ip_catalog 
Execute     send_msg_by_id INFO @200-1464@%s config_export -rtl=verilog 
INFO: [HLS 200-1464] Running solution command: config_export -rtl=verilog
Execute     config_export -rtl=verilog 
Execute     send_msg_by_id INFO @200-1464@%s config_export -vivado_clock=10 
INFO: [HLS 200-1464] Running solution command: config_export -vivado_clock=10
Execute     config_export -vivado_clock=10 
Command   open_solution done; 21.45 sec.
Execute   set_part xc7vx550t-ffg1927-1 
INFO: [HLS 200-1510] Running: set_part xc7vx550t-ffg1927-1 
Execute     create_platform xc7vx550t-ffg1927-1 -board  
Execute     source E:/Xilinx/Vitis_HLS/2023.2/common/technology/xilinx/common/xilinx.gen 
Execute       source E:/Xilinx/Vitis_HLS/2023.2/common/technology/xilinx/interface/plb46.gen 
Execute       source E:/Xilinx/Vitis_HLS/2023.2/common/technology/xilinx/interface/axi4.gen 
Execute       source E:/Xilinx/Vitis_HLS/2023.2/common/technology/xilinx/interface/nativeAXI4.gen 
Execute         source E:/Xilinx/Vitis_HLS/2023.2/common/technology/xilinx/interface/saxilite.gen 
Execute       source E:/Xilinx/Vitis_HLS/2023.2/common/technology/xilinx/scripts/xilinxcoregen.gen 
Execute       source E:/Xilinx/Vitis_HLS/2023.2/common/technology/xilinx/interface/XilEDKCoreGen.gen 
Execute       source E:/Xilinx/Vitis_HLS/2023.2/common/technology/xilinx/ip/dds_compiler.gen 
Execute       source E:/Xilinx/Vitis_HLS/2023.2/common/technology/xilinx/ip/util.gen 
Execute       source E:/Xilinx/Vitis_HLS/2023.2/common/technology/xilinx/ip/xfft.gen 
Execute       source E:/Xilinx/Vitis_HLS/2023.2/common/technology/xilinx/ip/xfir.gen 
Execute       source E:/Xilinx/Vitis_HLS/2023.2/common/technology/xilinx/DSP48/dsp48.gen 
Execute     ap_part_info -name xc7vx550t-ffg1927-1 -data info 
Execute     config_compile -quiet -complex-mul-dsp=0 
Command   set_part done; 0.237 sec.
Execute   create_clock -period 10 -name default 
INFO: [HLS 200-1510] Running: create_clock -period 10 -name default 
Execute   config_cosim -tool xsim -trace_level all -wave_debug 
INFO: [HLS 200-1510] Running: config_cosim -tool xsim -trace_level all -wave_debug 
Execute   config_export -format ip_catalog -rtl verilog -vivado_clock 10 
INFO: [HLS 200-1510] Running: config_export -format ip_catalog -rtl verilog -vivado_clock 10 
Execute   source ./assignment/solution1/directives.tcl 
INFO: [HLS 200-1510] Running: source ./assignment/solution1/directives.tcl
Execute     set_directive_top -name hart hart 
INFO: [HLS 200-1510] Running: set_directive_top -name hart hart 
Execute   csynth_design 
INFO: [HLS 200-1510] Running: csynth_design 
INFO-FLOW: Running SLX 'csynth' proc: ::SLX::run_csynth
Execute     elaborate -effort=medium -skip_syncheck=0 -keep_printf=0 -skip_cdt=0 -skip_transform=0 -ng=0 -g=0 -opt_fp=0 -from_csynth_design=1 
INFO: [HLS 200-111] Finished File checks and directory preparation: CPU user time: 0 seconds. CPU system time: 0 seconds. Elapsed time: 0.163 seconds; current allocated memory: 237.836 MB.
Execute       set_directive_top hart -name=hart 
Execute       source E:/Xilinx/Vitis_HLS/2023.2/tps/tcl/tcllib1.11.1/yaml/huddle.tcl 
Command       ap_source done; 0.274 sec.
Execute       source E:/Xilinx/Vitis_HLS/2023.2/tps/tcl/tcllib1.11.1/yaml/json2huddle.tcl 
Execute         source E:/Xilinx/Vitis_HLS/2023.2/tps/tcl/tcllib1.11.1/try/try.tcl 
INFO: [HLS 200-10] Analyzing design file 'OP_AL_32I.cpp' ... 
INFO-FLOW: Compiling one TU...
INFO-FLOW: Handling OP_AL_32I.cpp as C++
Execute       ap_part_info -name xc7vx550t-ffg1927-1 -data info 
INFO-FLOW: Running: GCC PP 39
INFO-FLOW: Source preprocessing
INFO-FLOW: run_clang exec: E:/Xilinx/Vitis_HLS/2023.2/win64/tools/clang-3.9-csynth/bin/clang OP_AL_32I.cpp -foptimization-record-file=E:/assignment/assignment/solution1/.autopilot/db/OP_AL_32I.cpp.clang.diag.yml -mllvm -pass-remarks-missed=reflow|pasta|unroll -mllvm -pass-remarks=reflow|pasta|unroll|inline -fno-limit-debug-info --sysroot E:/Xilinx/Vitis_HLS/2023.2/tps/mingw/8.3.0/win64.o/nt -fhls -fno-exceptions -insert-hls-directive=E:/assignment/assignment/solution1/.autopilot/db/all.directive.json -E -fno-math-errno -c -emit-llvm -mllvm -disable-llvm-optzns -Werror=implicit-function-declaration -Werror=implicit-hls-streams -Werror=return-type -Wpragmas -Wunused-parameter -Wdump-hls-pragmas -Wno-error=dump-hls-pragmas -hls-clock-period=10 -fno-threadsafe-statics -fno-use-cxa-atexit -std=gnu++14 -target fpga64-xilinx-mingw32 -fno-threadsafe-statics -fno-use-cxa-atexit -D__VITIS_HLS__ -DAESL_SYN -D__SYNTHESIS__ -D__HLS_SYN__ -I E:/Xilinx/Vitis_HLS/2023.2/common/technology/autopilot -I E:/Xilinx/Vitis_HLS/2023.2/common/technology/autopilot/ap_sysc -include etc/autopilot_ssdm_op.h -D__DSP48E1__ -I /usr/include/x86_64-linux-gnu -o E:/assignment/assignment/solution1/.autopilot/db/OP_AL_32I.pp.0.cpp {-hls-platform-db-name=E:/Xilinx/Vitis_HLS/2023.2\common/technology\xilinx/common/platform.db} -hls-platform-name=virtex7_slow -device-resource-info=BRAM_2360.000000_DSP_2880.000000_FF_692800.000000_LUT_346400.000000_SLICE_108300.000000_URAM_0.000000 -device-name-info=xc7vx550tffg1927-1 > E:/assignment/assignment/solution1/.autopilot/db/OP_AL_32I.cpp.clang.out.log 2> E:/assignment/assignment/solution1/.autopilot/db/OP_AL_32I.cpp.clang.err.log
INFO-FLOW: Done: GCC PP 39 time: 2.3 seconds per iteration
INFO-FLOW: Source syntax check for synthesis
INFO-FLOW: run_clang exec: E:/Xilinx/Vitis_HLS/2023.2/win64/tools/clang-3.9-csynth/bin/clang -foptimization-record-file=E:/assignment/assignment/solution1/.autopilot/db/clang.diag.yml -mllvm -pass-remarks-missed=reflow|pasta|unroll -mllvm -pass-remarks=reflow|pasta|unroll|inline -fsyntax-only -fhls -target fpga64-xilinx-linux-gnu E:/assignment/assignment/solution1/.autopilot/db/OP_AL_32I.pp.0.cpp {-hls-platform-db-name=E:/Xilinx/Vitis_HLS/2023.2\common/technology\xilinx/common/platform.db} -hls-platform-name=virtex7_slow -device-resource-info=BRAM_2360.000000_DSP_2880.000000_FF_692800.000000_LUT_346400.000000_SLICE_108300.000000_URAM_0.000000 -device-name-info=xc7vx550tffg1927-1 > E:/assignment/assignment/solution1/.autopilot/db/clang.out.log 2> E:/assignment/assignment/solution1/.autopilot/db/clang.err.log
Execute       clang_tidy xilinx-systemc-detector -desc systemc-detector E:/assignment/assignment/solution1/.autopilot/db/OP_AL_32I.pp.0.cpp std=gnu++14 -target fpga  -directive=E:/assignment/assignment/solution1/.autopilot/db/.systemc_flag 
INFO-FLOW: exec E:/Xilinx/Vitis_HLS/2023.2/win64/tools/clang-3.9-csynth/bin/clang-tidy -header-filter=.* --checks=-*,xilinx-systemc-detector -import-directive=E:/assignment/assignment/solution1/.autopilot/db/.systemc_flag -fix-errors E:/assignment/assignment/solution1/.autopilot/db/OP_AL_32I.pp.0.cpp -- -std=gnu++14 -target fpga -fhls -ferror-limit=0
Command       clang_tidy done; 1.201 sec.
INFO-FLOW: Running: clang-tidy CDT preprocess 39
Execute       clang_tidy xilinx-directive2pragma -desc directive2pragma E:/assignment/assignment/solution1/.autopilot/db/OP_AL_32I.pp.0.cpp std=gnu++14 -target fpga  -directive=E:/assignment/assignment/solution1/.autopilot/db/all.directive.json 
INFO-FLOW: exec E:/Xilinx/Vitis_HLS/2023.2/win64/tools/clang-3.9-csynth/bin/clang-tidy -header-filter=.* --checks=-*,xilinx-directive2pragma -import-directive=E:/assignment/assignment/solution1/.autopilot/db/all.directive.json -fix-errors E:/assignment/assignment/solution1/.autopilot/db/OP_AL_32I.pp.0.cpp -- -std=gnu++14 -target fpga -fhls -ferror-limit=0
Command       clang_tidy done; 0.479 sec.
INFO-FLOW: Done: clang-tidy CDT preprocess 39 time: 0.5 seconds per iteration
INFO-FLOW: Calling xilinx-label-all-loops ... 
INFO-FLOW: Calling xilinx-aggregate-on-hls-vector ... 
Execute       clang_tidy -errorcheck -desc loop-label xilinx-label-all-loops,xilinx-aggregate-on-hls-vector,,xilinx-warn-mayneed-no-ctor-attribute E:/assignment/assignment/solution1/.autopilot/db/OP_AL_32I.pp.0.cpp std=gnu++14 -target fpga  
INFO-FLOW: run_clang exec: E:/Xilinx/Vitis_HLS/2023.2/win64/tools/clang-3.9-csynth/bin/clang-tidy -export-fixes=E:/assignment/assignment/solution1/.autopilot/db/OP_AL_32I.pp.0.cpp.clang-tidy.loop-label.diag.yml -header-filter=.* --checks=-*,xilinx-label-all-loops,xilinx-aggregate-on-hls-vector,,xilinx-warn-mayneed-no-ctor-attribute -fix-errors E:/assignment/assignment/solution1/.autopilot/db/OP_AL_32I.pp.0.cpp -- -std=gnu++14 -target fpga -fhls -ferror-limit=0 > E:/assignment/assignment/solution1/.autopilot/db/OP_AL_32I.pp.0.cpp.clang-tidy.loop-label.out.log 2> E:/assignment/assignment/solution1/.autopilot/db/OP_AL_32I.pp.0.cpp.clang-tidy.loop-label.err.log
Execute         source E:/Xilinx/Vitis_HLS/2023.2/tps/tcl/tcllib1.11.1/yaml/yaml.tcl 
Command       clang_tidy done; 0.922 sec.
INFO-FLOW: run_clang exec: E:/Xilinx/Vitis_HLS/2023.2/win64/tools/clang-3.9-csynth/bin/xilinx-dataflow-lawyer -export-fixes=E:/assignment/assignment/solution1/.autopilot/db/OP_AL_32I.pp.0.cpp.xilinx-dataflow-lawyer.diag.yml E:/assignment/assignment/solution1/.autopilot/db/OP_AL_32I.pp.0.cpp -- -std=gnu++14 -target fpga -fhls -ferror-limit=0 -fstrict-dataflow > E:/assignment/assignment/solution1/.autopilot/db/OP_AL_32I.pp.0.cpp.xilinx-dataflow-lawyer.out.log 2> E:/assignment/assignment/solution1/.autopilot/db/OP_AL_32I.pp.0.cpp.xilinx-dataflow-lawyer.err.log
Execute       ap_part_info -name xc7vx550t-ffg1927-1 -data info 
INFO-FLOW: compiling source code to llvm bc
INFO-FLOW: run_clang exec: E:/Xilinx/Vitis_HLS/2023.2/win64/tools/clang-3.9-csynth/bin/clang -foptimization-record-file=E:/assignment/assignment/solution1/.autopilot/db/OP_AL_32I.pp.0.cpp.clang.diag.yml -mllvm -pass-remarks-missed=reflow|pasta|unroll -mllvm -pass-remarks=reflow|pasta|unroll|inline -fno-limit-debug-info -fhls -flto -fno-exceptions -Wno-error=c++11-narrowing -hls-emit-hint-scope E:/assignment/assignment/solution1/.autopilot/db/OP_AL_32I.pp.0.cpp -fno-math-errno -c -emit-llvm -mllvm -disable-llvm-optzns -Werror=implicit-function-declaration -Werror=implicit-hls-streams -Werror=return-type -Wpragmas -Wunused-parameter -Wdump-hls-pragmas -Wno-error=dump-hls-pragmas -hls-clock-period=10 -fno-threadsafe-statics -fno-use-cxa-atexit -std=gnu++14 -target fpga64-xilinx-linux-gnu -D__VITIS_HLS__ -DAESL_SYN -D__SYNTHESIS__ -D__HLS_SYN__ -I E:/Xilinx/Vitis_HLS/2023.2/common/technology/autopilot -I E:/Xilinx/Vitis_HLS/2023.2/common/technology/autopilot/ap_sysc -include etc/autopilot_ssdm_op.h -D__DSP48E1__ -g -o E:/assignment/assignment/solution1/.autopilot/db/OP_AL_32I.bc {-hls-platform-db-name=E:/Xilinx/Vitis_HLS/2023.2\common/technology\xilinx/common/platform.db} -hls-platform-name=virtex7_slow -device-resource-info=BRAM_2360.000000_DSP_2880.000000_FF_692800.000000_LUT_346400.000000_SLICE_108300.000000_URAM_0.000000 -device-name-info=xc7vx550tffg1927-1 > E:/assignment/assignment/solution1/.autopilot/db/OP_AL_32I.pp.0.cpp.clang.out.log 2> E:/assignment/assignment/solution1/.autopilot/db/OP_AL_32I.pp.0.cpp.clang.err.log
INFO: [HLS 200-10] Analyzing design file 'OP_AL_B.cpp' ... 
INFO-FLOW: Compiling one TU...
INFO-FLOW: Handling OP_AL_B.cpp as C++
Execute       ap_part_info -name xc7vx550t-ffg1927-1 -data info 
INFO-FLOW: Running: GCC PP 39
INFO-FLOW: Source preprocessing
INFO-FLOW: run_clang exec: E:/Xilinx/Vitis_HLS/2023.2/win64/tools/clang-3.9-csynth/bin/clang OP_AL_B.cpp -foptimization-record-file=E:/assignment/assignment/solution1/.autopilot/db/OP_AL_B.cpp.clang.diag.yml -mllvm -pass-remarks-missed=reflow|pasta|unroll -mllvm -pass-remarks=reflow|pasta|unroll|inline -fno-limit-debug-info --sysroot E:/Xilinx/Vitis_HLS/2023.2/tps/mingw/8.3.0/win64.o/nt -fhls -fno-exceptions -insert-hls-directive=E:/assignment/assignment/solution1/.autopilot/db/all.directive.json -E -fno-math-errno -c -emit-llvm -mllvm -disable-llvm-optzns -Werror=implicit-function-declaration -Werror=implicit-hls-streams -Werror=return-type -Wpragmas -Wunused-parameter -Wdump-hls-pragmas -Wno-error=dump-hls-pragmas -hls-clock-period=10 -fno-threadsafe-statics -fno-use-cxa-atexit -std=gnu++14 -target fpga64-xilinx-mingw32 -fno-threadsafe-statics -fno-use-cxa-atexit -D__VITIS_HLS__ -DAESL_SYN -D__SYNTHESIS__ -D__HLS_SYN__ -I E:/Xilinx/Vitis_HLS/2023.2/common/technology/autopilot -I E:/Xilinx/Vitis_HLS/2023.2/common/technology/autopilot/ap_sysc -include etc/autopilot_ssdm_op.h -D__DSP48E1__ -I /usr/include/x86_64-linux-gnu -o E:/assignment/assignment/solution1/.autopilot/db/OP_AL_B.pp.0.cpp {-hls-platform-db-name=E:/Xilinx/Vitis_HLS/2023.2\common/technology\xilinx/common/platform.db} -hls-platform-name=virtex7_slow -device-resource-info=BRAM_2360.000000_DSP_2880.000000_FF_692800.000000_LUT_346400.000000_SLICE_108300.000000_URAM_0.000000 -device-name-info=xc7vx550tffg1927-1 > E:/assignment/assignment/solution1/.autopilot/db/OP_AL_B.cpp.clang.out.log 2> E:/assignment/assignment/solution1/.autopilot/db/OP_AL_B.cpp.clang.err.log
INFO-FLOW: Done: GCC PP 39 time: 0.2 seconds per iteration
INFO-FLOW: Source syntax check for synthesis
INFO-FLOW: run_clang exec: E:/Xilinx/Vitis_HLS/2023.2/win64/tools/clang-3.9-csynth/bin/clang -foptimization-record-file=E:/assignment/assignment/solution1/.autopilot/db/clang.diag.yml -mllvm -pass-remarks-missed=reflow|pasta|unroll -mllvm -pass-remarks=reflow|pasta|unroll|inline -fsyntax-only -fhls -target fpga64-xilinx-linux-gnu E:/assignment/assignment/solution1/.autopilot/db/OP_AL_B.pp.0.cpp {-hls-platform-db-name=E:/Xilinx/Vitis_HLS/2023.2\common/technology\xilinx/common/platform.db} -hls-platform-name=virtex7_slow -device-resource-info=BRAM_2360.000000_DSP_2880.000000_FF_692800.000000_LUT_346400.000000_SLICE_108300.000000_URAM_0.000000 -device-name-info=xc7vx550tffg1927-1 > E:/assignment/assignment/solution1/.autopilot/db/clang.out.log 2> E:/assignment/assignment/solution1/.autopilot/db/clang.err.log
Execute       clang_tidy xilinx-systemc-detector -desc systemc-detector E:/assignment/assignment/solution1/.autopilot/db/OP_AL_B.pp.0.cpp std=gnu++14 -target fpga  -directive=E:/assignment/assignment/solution1/.autopilot/db/.systemc_flag 
INFO-FLOW: exec E:/Xilinx/Vitis_HLS/2023.2/win64/tools/clang-3.9-csynth/bin/clang-tidy -header-filter=.* --checks=-*,xilinx-systemc-detector -import-directive=E:/assignment/assignment/solution1/.autopilot/db/.systemc_flag -fix-errors E:/assignment/assignment/solution1/.autopilot/db/OP_AL_B.pp.0.cpp -- -std=gnu++14 -target fpga -fhls -ferror-limit=0
Command       clang_tidy done; 0.429 sec.
INFO-FLOW: Running: clang-tidy CDT preprocess 39
Execute       clang_tidy xilinx-directive2pragma -desc directive2pragma E:/assignment/assignment/solution1/.autopilot/db/OP_AL_B.pp.0.cpp std=gnu++14 -target fpga  -directive=E:/assignment/assignment/solution1/.autopilot/db/all.directive.json 
INFO-FLOW: exec E:/Xilinx/Vitis_HLS/2023.2/win64/tools/clang-3.9-csynth/bin/clang-tidy -header-filter=.* --checks=-*,xilinx-directive2pragma -import-directive=E:/assignment/assignment/solution1/.autopilot/db/all.directive.json -fix-errors E:/assignment/assignment/solution1/.autopilot/db/OP_AL_B.pp.0.cpp -- -std=gnu++14 -target fpga -fhls -ferror-limit=0
Command       clang_tidy done; 0.435 sec.
INFO-FLOW: Done: clang-tidy CDT preprocess 39 time: 0.4 seconds per iteration
INFO-FLOW: Calling xilinx-label-all-loops ... 
INFO-FLOW: Calling xilinx-aggregate-on-hls-vector ... 
Execute       clang_tidy -errorcheck -desc loop-label xilinx-label-all-loops,xilinx-aggregate-on-hls-vector,,xilinx-warn-mayneed-no-ctor-attribute E:/assignment/assignment/solution1/.autopilot/db/OP_AL_B.pp.0.cpp std=gnu++14 -target fpga  
INFO-FLOW: run_clang exec: E:/Xilinx/Vitis_HLS/2023.2/win64/tools/clang-3.9-csynth/bin/clang-tidy -export-fixes=E:/assignment/assignment/solution1/.autopilot/db/OP_AL_B.pp.0.cpp.clang-tidy.loop-label.diag.yml -header-filter=.* --checks=-*,xilinx-label-all-loops,xilinx-aggregate-on-hls-vector,,xilinx-warn-mayneed-no-ctor-attribute -fix-errors E:/assignment/assignment/solution1/.autopilot/db/OP_AL_B.pp.0.cpp -- -std=gnu++14 -target fpga -fhls -ferror-limit=0 > E:/assignment/assignment/solution1/.autopilot/db/OP_AL_B.pp.0.cpp.clang-tidy.loop-label.out.log 2> E:/assignment/assignment/solution1/.autopilot/db/OP_AL_B.pp.0.cpp.clang-tidy.loop-label.err.log
Command       clang_tidy done; 0.817 sec.
INFO-FLOW: run_clang exec: E:/Xilinx/Vitis_HLS/2023.2/win64/tools/clang-3.9-csynth/bin/xilinx-dataflow-lawyer -export-fixes=E:/assignment/assignment/solution1/.autopilot/db/OP_AL_B.pp.0.cpp.xilinx-dataflow-lawyer.diag.yml E:/assignment/assignment/solution1/.autopilot/db/OP_AL_B.pp.0.cpp -- -std=gnu++14 -target fpga -fhls -ferror-limit=0 -fstrict-dataflow > E:/assignment/assignment/solution1/.autopilot/db/OP_AL_B.pp.0.cpp.xilinx-dataflow-lawyer.out.log 2> E:/assignment/assignment/solution1/.autopilot/db/OP_AL_B.pp.0.cpp.xilinx-dataflow-lawyer.err.log
Execute       ap_part_info -name xc7vx550t-ffg1927-1 -data info 
INFO-FLOW: compiling source code to llvm bc
INFO-FLOW: run_clang exec: E:/Xilinx/Vitis_HLS/2023.2/win64/tools/clang-3.9-csynth/bin/clang -foptimization-record-file=E:/assignment/assignment/solution1/.autopilot/db/OP_AL_B.pp.0.cpp.clang.diag.yml -mllvm -pass-remarks-missed=reflow|pasta|unroll -mllvm -pass-remarks=reflow|pasta|unroll|inline -fno-limit-debug-info -fhls -flto -fno-exceptions -Wno-error=c++11-narrowing -hls-emit-hint-scope E:/assignment/assignment/solution1/.autopilot/db/OP_AL_B.pp.0.cpp -fno-math-errno -c -emit-llvm -mllvm -disable-llvm-optzns -Werror=implicit-function-declaration -Werror=implicit-hls-streams -Werror=return-type -Wpragmas -Wunused-parameter -Wdump-hls-pragmas -Wno-error=dump-hls-pragmas -hls-clock-period=10 -fno-threadsafe-statics -fno-use-cxa-atexit -std=gnu++14 -target fpga64-xilinx-linux-gnu -D__VITIS_HLS__ -DAESL_SYN -D__SYNTHESIS__ -D__HLS_SYN__ -I E:/Xilinx/Vitis_HLS/2023.2/common/technology/autopilot -I E:/Xilinx/Vitis_HLS/2023.2/common/technology/autopilot/ap_sysc -include etc/autopilot_ssdm_op.h -D__DSP48E1__ -g -o E:/assignment/assignment/solution1/.autopilot/db/OP_AL_B.bc {-hls-platform-db-name=E:/Xilinx/Vitis_HLS/2023.2\common/technology\xilinx/common/platform.db} -hls-platform-name=virtex7_slow -device-resource-info=BRAM_2360.000000_DSP_2880.000000_FF_692800.000000_LUT_346400.000000_SLICE_108300.000000_URAM_0.000000 -device-name-info=xc7vx550tffg1927-1 > E:/assignment/assignment/solution1/.autopilot/db/OP_AL_B.pp.0.cpp.clang.out.log 2> E:/assignment/assignment/solution1/.autopilot/db/OP_AL_B.pp.0.cpp.clang.err.log
INFO: [HLS 200-10] Analyzing design file 'hart.cpp' ... 
INFO-FLOW: Compiling one TU...
INFO-FLOW: Handling hart.cpp as C++
Execute       ap_part_info -name xc7vx550t-ffg1927-1 -data info 
INFO-FLOW: Running: GCC PP 39
INFO-FLOW: Source preprocessing
INFO-FLOW: run_clang exec: E:/Xilinx/Vitis_HLS/2023.2/win64/tools/clang-3.9-csynth/bin/clang hart.cpp -foptimization-record-file=E:/assignment/assignment/solution1/.autopilot/db/hart.cpp.clang.diag.yml -mllvm -pass-remarks-missed=reflow|pasta|unroll -mllvm -pass-remarks=reflow|pasta|unroll|inline -fno-limit-debug-info --sysroot E:/Xilinx/Vitis_HLS/2023.2/tps/mingw/8.3.0/win64.o/nt -fhls -fno-exceptions -insert-hls-directive=E:/assignment/assignment/solution1/.autopilot/db/all.directive.json -E -fno-math-errno -c -emit-llvm -mllvm -disable-llvm-optzns -Werror=implicit-function-declaration -Werror=implicit-hls-streams -Werror=return-type -Wpragmas -Wunused-parameter -Wdump-hls-pragmas -Wno-error=dump-hls-pragmas -hls-clock-period=10 -fno-threadsafe-statics -fno-use-cxa-atexit -std=gnu++14 -target fpga64-xilinx-mingw32 -fno-threadsafe-statics -fno-use-cxa-atexit -D__VITIS_HLS__ -DAESL_SYN -D__SYNTHESIS__ -D__HLS_SYN__ -I E:/Xilinx/Vitis_HLS/2023.2/common/technology/autopilot -I E:/Xilinx/Vitis_HLS/2023.2/common/technology/autopilot/ap_sysc -include etc/autopilot_ssdm_op.h -D__DSP48E1__ -I /usr/include/x86_64-linux-gnu -o E:/assignment/assignment/solution1/.autopilot/db/hart.pp.0.cpp {-hls-platform-db-name=E:/Xilinx/Vitis_HLS/2023.2\common/technology\xilinx/common/platform.db} -hls-platform-name=virtex7_slow -device-resource-info=BRAM_2360.000000_DSP_2880.000000_FF_692800.000000_LUT_346400.000000_SLICE_108300.000000_URAM_0.000000 -device-name-info=xc7vx550tffg1927-1 > E:/assignment/assignment/solution1/.autopilot/db/hart.cpp.clang.out.log 2> E:/assignment/assignment/solution1/.autopilot/db/hart.cpp.clang.err.log
INFO-FLOW: Done: GCC PP 39 time: 0.3 seconds per iteration
INFO-FLOW: Source syntax check for synthesis
INFO-FLOW: run_clang exec: E:/Xilinx/Vitis_HLS/2023.2/win64/tools/clang-3.9-csynth/bin/clang -foptimization-record-file=E:/assignment/assignment/solution1/.autopilot/db/clang.diag.yml -mllvm -pass-remarks-missed=reflow|pasta|unroll -mllvm -pass-remarks=reflow|pasta|unroll|inline -fsyntax-only -fhls -target fpga64-xilinx-linux-gnu E:/assignment/assignment/solution1/.autopilot/db/hart.pp.0.cpp {-hls-platform-db-name=E:/Xilinx/Vitis_HLS/2023.2\common/technology\xilinx/common/platform.db} -hls-platform-name=virtex7_slow -device-resource-info=BRAM_2360.000000_DSP_2880.000000_FF_692800.000000_LUT_346400.000000_SLICE_108300.000000_URAM_0.000000 -device-name-info=xc7vx550tffg1927-1 > E:/assignment/assignment/solution1/.autopilot/db/clang.out.log 2> E:/assignment/assignment/solution1/.autopilot/db/clang.err.log
Execute       clang_tidy xilinx-systemc-detector -desc systemc-detector E:/assignment/assignment/solution1/.autopilot/db/hart.pp.0.cpp std=gnu++14 -target fpga  -directive=E:/assignment/assignment/solution1/.autopilot/db/.systemc_flag 
INFO-FLOW: exec E:/Xilinx/Vitis_HLS/2023.2/win64/tools/clang-3.9-csynth/bin/clang-tidy -header-filter=.* --checks=-*,xilinx-systemc-detector -import-directive=E:/assignment/assignment/solution1/.autopilot/db/.systemc_flag -fix-errors E:/assignment/assignment/solution1/.autopilot/db/hart.pp.0.cpp -- -std=gnu++14 -target fpga -fhls -ferror-limit=0
Command       clang_tidy done; 0.505 sec.
INFO-FLOW: Running: clang-tidy CDT preprocess 39
Execute       clang_tidy xilinx-directive2pragma -desc directive2pragma E:/assignment/assignment/solution1/.autopilot/db/hart.pp.0.cpp std=gnu++14 -target fpga  -directive=E:/assignment/assignment/solution1/.autopilot/db/all.directive.json 
INFO-FLOW: exec E:/Xilinx/Vitis_HLS/2023.2/win64/tools/clang-3.9-csynth/bin/clang-tidy -header-filter=.* --checks=-*,xilinx-directive2pragma -import-directive=E:/assignment/assignment/solution1/.autopilot/db/all.directive.json -fix-errors E:/assignment/assignment/solution1/.autopilot/db/hart.pp.0.cpp -- -std=gnu++14 -target fpga -fhls -ferror-limit=0
Command       clang_tidy done; 0.781 sec.
INFO-FLOW: Done: clang-tidy CDT preprocess 39 time: 0.8 seconds per iteration
INFO-FLOW: Calling xilinx-label-all-loops ... 
INFO-FLOW: Calling xilinx-aggregate-on-hls-vector ... 
Execute       clang_tidy -errorcheck -desc loop-label xilinx-label-all-loops,xilinx-aggregate-on-hls-vector,,xilinx-warn-mayneed-no-ctor-attribute E:/assignment/assignment/solution1/.autopilot/db/hart.pp.0.cpp std=gnu++14 -target fpga  
INFO-FLOW: run_clang exec: E:/Xilinx/Vitis_HLS/2023.2/win64/tools/clang-3.9-csynth/bin/clang-tidy -export-fixes=E:/assignment/assignment/solution1/.autopilot/db/hart.pp.0.cpp.clang-tidy.loop-label.diag.yml -header-filter=.* --checks=-*,xilinx-label-all-loops,xilinx-aggregate-on-hls-vector,,xilinx-warn-mayneed-no-ctor-attribute -fix-errors E:/assignment/assignment/solution1/.autopilot/db/hart.pp.0.cpp -- -std=gnu++14 -target fpga -fhls -ferror-limit=0 > E:/assignment/assignment/solution1/.autopilot/db/hart.pp.0.cpp.clang-tidy.loop-label.out.log 2> E:/assignment/assignment/solution1/.autopilot/db/hart.pp.0.cpp.clang-tidy.loop-label.err.log
Command       clang_tidy done; 0.955 sec.
INFO-FLOW: run_clang exec: E:/Xilinx/Vitis_HLS/2023.2/win64/tools/clang-3.9-csynth/bin/xilinx-dataflow-lawyer -export-fixes=E:/assignment/assignment/solution1/.autopilot/db/hart.pp.0.cpp.xilinx-dataflow-lawyer.diag.yml E:/assignment/assignment/solution1/.autopilot/db/hart.pp.0.cpp -- -std=gnu++14 -target fpga -fhls -ferror-limit=0 -fstrict-dataflow > E:/assignment/assignment/solution1/.autopilot/db/hart.pp.0.cpp.xilinx-dataflow-lawyer.out.log 2> E:/assignment/assignment/solution1/.autopilot/db/hart.pp.0.cpp.xilinx-dataflow-lawyer.err.log
Execute       ap_part_info -name xc7vx550t-ffg1927-1 -data info 
INFO-FLOW: compiling source code to llvm bc
INFO-FLOW: run_clang exec: E:/Xilinx/Vitis_HLS/2023.2/win64/tools/clang-3.9-csynth/bin/clang -foptimization-record-file=E:/assignment/assignment/solution1/.autopilot/db/hart.pp.0.cpp.clang.diag.yml -mllvm -pass-remarks-missed=reflow|pasta|unroll -mllvm -pass-remarks=reflow|pasta|unroll|inline -fno-limit-debug-info -fhls -flto -fno-exceptions -Wno-error=c++11-narrowing -hls-emit-hint-scope E:/assignment/assignment/solution1/.autopilot/db/hart.pp.0.cpp -fno-math-errno -c -emit-llvm -mllvm -disable-llvm-optzns -Werror=implicit-function-declaration -Werror=implicit-hls-streams -Werror=return-type -Wpragmas -Wunused-parameter -Wdump-hls-pragmas -Wno-error=dump-hls-pragmas -hls-clock-period=10 -fno-threadsafe-statics -fno-use-cxa-atexit -std=gnu++14 -target fpga64-xilinx-linux-gnu -D__VITIS_HLS__ -DAESL_SYN -D__SYNTHESIS__ -D__HLS_SYN__ -I E:/Xilinx/Vitis_HLS/2023.2/common/technology/autopilot -I E:/Xilinx/Vitis_HLS/2023.2/common/technology/autopilot/ap_sysc -include etc/autopilot_ssdm_op.h -D__DSP48E1__ -g -o E:/assignment/assignment/solution1/.autopilot/db/hart.bc {-hls-platform-db-name=E:/Xilinx/Vitis_HLS/2023.2\common/technology\xilinx/common/platform.db} -hls-platform-name=virtex7_slow -device-resource-info=BRAM_2360.000000_DSP_2880.000000_FF_692800.000000_LUT_346400.000000_SLICE_108300.000000_URAM_0.000000 -device-name-info=xc7vx550tffg1927-1 > E:/assignment/assignment/solution1/.autopilot/db/hart.pp.0.cpp.clang.out.log 2> E:/assignment/assignment/solution1/.autopilot/db/hart.pp.0.cpp.clang.err.log
INFO: [HLS 200-111] Finished Source Code Analysis and Preprocessing: CPU user time: 1 seconds. CPU system time: 0 seconds. Elapsed time: 16.355 seconds; current allocated memory: 240.109 MB.
INFO-FLOW: Linking Debug ...
INFO-FLOW: Linking dut bc code.
Execute       run_link_or_opt -out E:/assignment/assignment/solution1/.autopilot/db/a.g.ld.0.bc -args  "E:/assignment/assignment/solution1/.autopilot/db/OP_AL_32I.g.bc" "E:/assignment/assignment/solution1/.autopilot/db/OP_AL_B.g.bc" "E:/assignment/assignment/solution1/.autopilot/db/hart.g.bc"  
INFO-FLOW: run_clang exec: E:/Xilinx/Vitis_HLS/2023.2/win64/tools/clang-3.9-csynth/bin/llvm-link E:/assignment/assignment/solution1/.autopilot/db/OP_AL_32I.g.bc E:/assignment/assignment/solution1/.autopilot/db/OP_AL_B.g.bc E:/assignment/assignment/solution1/.autopilot/db/hart.g.bc -o E:/assignment/assignment/solution1/.autopilot/db/a.g.ld.0.bc > E:/assignment/assignment/solution1/.autopilot/db/a.g.ld.0.bc.llvm-link.out.log 2> E:/assignment/assignment/solution1/.autopilot/db/a.g.ld.0.bc.llvm-link.err.log
INFO-FLOW: 
Command       run_link_or_opt done; 0.361 sec.
Execute       run_link_or_opt -opt -out E:/assignment/assignment/solution1/.autopilot/db/a.g.ld.1.lower.bc -args E:/assignment/assignment/solution1/.autopilot/db/a.g.ld.0.bc -reflow-lower-math-intrinsics 
INFO-FLOW: run_clang exec: E:/Xilinx/Vitis_HLS/2023.2/win64/tools/clang-3.9-csynth/bin/opt -pass-remarks-missed=reflow|pasta|unroll -pass-remarks=reflow|pasta|unroll|inline -pass-remarks-output=E:/assignment/assignment/solution1/.autopilot/db/a.g.ld.1.lower.bc.opt.diag.yml E:/assignment/assignment/solution1/.autopilot/db/a.g.ld.0.bc -reflow-lower-math-intrinsics -o E:/assignment/assignment/solution1/.autopilot/db/a.g.ld.1.lower.bc > E:/assignment/assignment/solution1/.autopilot/db/a.g.ld.1.lower.bc.opt.out.log 2> E:/assignment/assignment/solution1/.autopilot/db/a.g.ld.1.lower.bc.opt.err.log
INFO-FLOW: 
INFO-FLOW: Running: gen_design_size_report post-opt
INFO-FLOW: Done: gen_design_size_report post-opt time: 0 seconds per iteration
Command       run_link_or_opt done; 0.865 sec.
INFO-FLOW: Linking math bc lib
Execute       run_link_or_opt -out E:/assignment/assignment/solution1/.autopilot/db/a.g.ld.2.m1.bc -args E:/assignment/assignment/solution1/.autopilot/db/a.g.ld.1.lower.bc -only-needed E:/Xilinx/Vitis_HLS/2023.2/win64/lib/libhlsm_39.bc E:/Xilinx/Vitis_HLS/2023.2/win64/lib/libhlsmc++_39.bc 
INFO-FLOW: run_clang exec: E:/Xilinx/Vitis_HLS/2023.2/win64/tools/clang-3.9-csynth/bin/llvm-link E:/assignment/assignment/solution1/.autopilot/db/a.g.ld.1.lower.bc -only-needed E:/Xilinx/Vitis_HLS/2023.2/win64/lib/libhlsm_39.bc E:/Xilinx/Vitis_HLS/2023.2/win64/lib/libhlsmc++_39.bc -o E:/assignment/assignment/solution1/.autopilot/db/a.g.ld.2.m1.bc > E:/assignment/assignment/solution1/.autopilot/db/a.g.ld.2.m1.bc.llvm-link.out.log 2> E:/assignment/assignment/solution1/.autopilot/db/a.g.ld.2.m1.bc.llvm-link.err.log
INFO-FLOW: 
Command       run_link_or_opt done; 2.381 sec.
Execute       run_link_or_opt -opt -out E:/assignment/assignment/solution1/.autopilot/db/a.g.ld.3.fpc.bc -args E:/assignment/assignment/solution1/.autopilot/db/a.g.ld.2.m1.bc -reflow-globaldce -hls-top-function-name=hart -reflow-float-conversion 
INFO-FLOW: run_clang exec: E:/Xilinx/Vitis_HLS/2023.2/win64/tools/clang-3.9-csynth/bin/opt -pass-remarks-missed=reflow|pasta|unroll -pass-remarks=reflow|pasta|unroll|inline -pass-remarks-output=E:/assignment/assignment/solution1/.autopilot/db/a.g.ld.3.fpc.bc.opt.diag.yml E:/assignment/assignment/solution1/.autopilot/db/a.g.ld.2.m1.bc -reflow-globaldce -hls-top-function-name=hart -reflow-float-conversion -o E:/assignment/assignment/solution1/.autopilot/db/a.g.ld.3.fpc.bc > E:/assignment/assignment/solution1/.autopilot/db/a.g.ld.3.fpc.bc.opt.out.log 2> E:/assignment/assignment/solution1/.autopilot/db/a.g.ld.3.fpc.bc.opt.err.log
INFO-FLOW: 
INFO-FLOW: Running: gen_design_size_report post-opt
INFO-FLOW: Done: gen_design_size_report post-opt time: 0 seconds per iteration
Command       run_link_or_opt done; 0.67 sec.
Execute       run_link_or_opt -out E:/assignment/assignment/solution1/.autopilot/db/a.g.ld.4.m2.bc -args E:/assignment/assignment/solution1/.autopilot/db/a.g.ld.3.fpc.bc -only-needed E:/Xilinx/Vitis_HLS/2023.2/win64/lib/libfloatconversion_39.bc 
INFO-FLOW: run_clang exec: E:/Xilinx/Vitis_HLS/2023.2/win64/tools/clang-3.9-csynth/bin/llvm-link E:/assignment/assignment/solution1/.autopilot/db/a.g.ld.3.fpc.bc -only-needed E:/Xilinx/Vitis_HLS/2023.2/win64/lib/libfloatconversion_39.bc -o E:/assignment/assignment/solution1/.autopilot/db/a.g.ld.4.m2.bc > E:/assignment/assignment/solution1/.autopilot/db/a.g.ld.4.m2.bc.llvm-link.out.log 2> E:/assignment/assignment/solution1/.autopilot/db/a.g.ld.4.m2.bc.llvm-link.err.log
INFO-FLOW: 
Execute       run_link_or_opt -opt -out E:/assignment/assignment/solution1/.autopilot/db/a.g.ld.5.gdce.bc -args E:/assignment/assignment/solution1/.autopilot/db/a.g.ld.4.m2.bc -reflow-globaldce -hls-top-function-name=hart 
INFO-FLOW: run_clang exec: E:/Xilinx/Vitis_HLS/2023.2/win64/tools/clang-3.9-csynth/bin/opt -pass-remarks-missed=reflow|pasta|unroll -pass-remarks=reflow|pasta|unroll|inline -pass-remarks-output=E:/assignment/assignment/solution1/.autopilot/db/a.g.ld.5.gdce.bc.opt.diag.yml E:/assignment/assignment/solution1/.autopilot/db/a.g.ld.4.m2.bc -reflow-globaldce -hls-top-function-name=hart -o E:/assignment/assignment/solution1/.autopilot/db/a.g.ld.5.gdce.bc > E:/assignment/assignment/solution1/.autopilot/db/a.g.ld.5.gdce.bc.opt.out.log 2> E:/assignment/assignment/solution1/.autopilot/db/a.g.ld.5.gdce.bc.opt.err.log
INFO-FLOW: 
INFO-FLOW: Running: gen_design_size_report post-opt
INFO-FLOW: Done: gen_design_size_report post-opt time: 0 seconds per iteration
Execute       send_msg_by_id INFO @200-777@%s Vivado 
INFO: [HLS 200-777] Using interface defaults for 'Vivado' flow target.
Execute       is_m_axi_addr64 
INFO-FLOW: Doing LTO.
INFO-FLOW: run_clang (background poll_ms 5000) exec: E:/Xilinx/Vitis_HLS/2023.2/win64/tools/clang-3.9-csynth/bin/clang -foptimization-record-file=E:/assignment/assignment/solution1/.autopilot/db/a.g.ld.0.bc.clang.reflow.diag.yml -mllvm -pass-remarks-missed=reflow|pasta|unroll -mllvm -pass-remarks=reflow|pasta|unroll|inline -fhls -mllvm -hls-top-function-name=hart -mllvm -hls-db-dir -mllvm E:/assignment/assignment/solution1/.autopilot/db -emit-llvm -c -target fpga64-xilinx-none -mllvm -xcl-xmlinfo=E:/assignment/assignment/solution1/.autopilot/db/kernel.internal.xml -mllvm -top-io-mapping-info=E:/assignment/assignment/solution1/.autopilot/db/top-io-fe.xml -mllvm -hls-bitcode-version=3.1 -mllvm -reflow-enable-slave-interface-default-setting=true -mllvm -gen-kernel-xml=false -mllvm -default-maxi-offset=slave -mllvm -maxi-latency=0 -mllvm -hls-maxi-data-size-in-bits=8 -mllvm -hls-maxi-max-data-size-in-bits=1024 -mllvm -hls-max-widen-size-in-bits=0 -mllvm -xcl-kernel-max-mem-ports=0 -mllvm -maxi-read-trans=16 -mllvm -maxi-write-trans=16 -mllvm -maxi-read-burst-len=16 -mllvm -maxi-write-burst-len=16 -mllvm -reflow-enable-saxi-64bits=0 -mllvm -reflow-basic-block-instr-threshold=200000 -mllvm -reflow-auto-pipeline-threshold=64 -mllvm -reflow-enable-maxi-auto-id-channel=0 -mllvm -enable-fp-thr=0 -mllvm -reflow-bdd-simplify-threshold=1048576 -mllvm -reflow-fanout-threshold=16 -mllvm -assume-maxi-align=1 -mllvm -reflow-pipeline-style-llvm-setting=2 -mllvm -reflow-enable-dataflow-strict-mode-checking=1 -ftime-report -mllvm -time-passes -mllvm -reflow-auto-array-partition-mode=default -mllvm -reflow-enable-auto-array-partition=true -mllvm -reflow-enable-auto-parallel-performance-driven=true -mllvm -reflow-enable-partition-for-automation=true -mllvm -reflow-aggregate-bitwidth-threshold=4096 -mllvm -reflow-reserved-saxilite-registers=0 -mllvm -enable-reflow-auto-loop-pipeline -mllvm -reflow-max-unroll-threshold=409600 -mllvm -reflow-assume-no-address-wrap=true -mllvm -reflow-enable-occurrence-inference=true -mllvm -reflow-emit-hint-scope=true -mllvm -hls -mllvm -disable-inlined-alloca-merging=true -mllvm -default-clock-period=10 -x ir E:/assignment/assignment/solution1/.autopilot/db/a.g.ld.5.gdce.bc -o E:/assignment/assignment/solution1/.autopilot/db/a.g.lto.bc {-hls-platform-db-name=E:/Xilinx/Vitis_HLS/2023.2\common/technology\xilinx/common/platform.db} -hls-platform-name=virtex7_slow -device-resource-info=BRAM_2360.000000_DSP_2880.000000_FF_692800.000000_LUT_346400.000000_SLICE_108300.000000_URAM_0.000000 -device-name-info=xc7vx550tffg1927-1 2> E:/assignment/assignment/solution1/.autopilot/db/a.g.ld.0.bc.clang.reflow.err.log bg_poll_cmd: ::AP::poll_clang_39_closed_source
Execute       send_msg_by_id INFO @200-1995@%s%s%s 6,972 Compile/Link E:/assignment/assignment/solution1/syn/report/csynth_design_size.rpt 
INFO: [HLS 200-1995] There were 6,972 instructions in the design after the 'Compile/Link' phase of compilation. See the Design Size Report for more details: E:/assignment/assignment/solution1/syn/report/csynth_design_size.rpt
Execute       send_msg_by_id INFO @200-1995@%s%s%s 512 Unroll/Inline (step 1) E:/assignment/assignment/solution1/syn/report/csynth_design_size.rpt 
INFO: [HLS 200-1995] There were 512 instructions in the design after the 'Unroll/Inline (step 1)' phase of compilation. See the Design Size Report for more details: E:/assignment/assignment/solution1/syn/report/csynth_design_size.rpt
Execute       send_msg_by_id INFO @200-1995@%s%s%s 354 Unroll/Inline (step 2) E:/assignment/assignment/solution1/syn/report/csynth_design_size.rpt 
INFO: [HLS 200-1995] There were 354 instructions in the design after the 'Unroll/Inline (step 2)' phase of compilation. See the Design Size Report for more details: E:/assignment/assignment/solution1/syn/report/csynth_design_size.rpt
Execute       send_msg_by_id INFO @200-1995@%s%s%s 379 Unroll/Inline (step 3) E:/assignment/assignment/solution1/syn/report/csynth_design_size.rpt 
INFO: [HLS 200-1995] There were 379 instructions in the design after the 'Unroll/Inline (step 3)' phase of compilation. See the Design Size Report for more details: E:/assignment/assignment/solution1/syn/report/csynth_design_size.rpt
Execute       send_msg_by_id INFO @200-1995@%s%s%s 304 Unroll/Inline (step 4) E:/assignment/assignment/solution1/syn/report/csynth_design_size.rpt 
INFO: [HLS 200-1995] There were 304 instructions in the design after the 'Unroll/Inline (step 4)' phase of compilation. See the Design Size Report for more details: E:/assignment/assignment/solution1/syn/report/csynth_design_size.rpt
Execute       send_msg_by_id INFO @200-1995@%s%s%s 304 Array/Struct (step 1) E:/assignment/assignment/solution1/syn/report/csynth_design_size.rpt 
INFO: [HLS 200-1995] There were 304 instructions in the design after the 'Array/Struct (step 1)' phase of compilation. See the Design Size Report for more details: E:/assignment/assignment/solution1/syn/report/csynth_design_size.rpt
Execute       send_msg_by_id INFO @200-1995@%s%s%s 304 Array/Struct (step 2) E:/assignment/assignment/solution1/syn/report/csynth_design_size.rpt 
INFO: [HLS 200-1995] There were 304 instructions in the design after the 'Array/Struct (step 2)' phase of compilation. See the Design Size Report for more details: E:/assignment/assignment/solution1/syn/report/csynth_design_size.rpt
Execute       send_msg_by_id INFO @200-1995@%s%s%s 304 Array/Struct (step 3) E:/assignment/assignment/solution1/syn/report/csynth_design_size.rpt 
INFO: [HLS 200-1995] There were 304 instructions in the design after the 'Array/Struct (step 3)' phase of compilation. See the Design Size Report for more details: E:/assignment/assignment/solution1/syn/report/csynth_design_size.rpt
Execute       send_msg_by_id INFO @200-1995@%s%s%s 304 Array/Struct (step 4) E:/assignment/assignment/solution1/syn/report/csynth_design_size.rpt 
INFO: [HLS 200-1995] There were 304 instructions in the design after the 'Array/Struct (step 4)' phase of compilation. See the Design Size Report for more details: E:/assignment/assignment/solution1/syn/report/csynth_design_size.rpt
Execute       send_msg_by_id INFO @200-1995@%s%s%s 304 Array/Struct (step 5) E:/assignment/assignment/solution1/syn/report/csynth_design_size.rpt 
INFO: [HLS 200-1995] There were 304 instructions in the design after the 'Array/Struct (step 5)' phase of compilation. See the Design Size Report for more details: E:/assignment/assignment/solution1/syn/report/csynth_design_size.rpt
Execute       send_msg_by_id INFO @200-1995@%s%s%s 276 Performance (step 1) E:/assignment/assignment/solution1/syn/report/csynth_design_size.rpt 
INFO: [HLS 200-1995] There were 276 instructions in the design after the 'Performance (step 1)' phase of compilation. See the Design Size Report for more details: E:/assignment/assignment/solution1/syn/report/csynth_design_size.rpt
Command       send_msg_by_id done; 0.116 sec.
Execute       send_msg_by_id INFO @200-1995@%s%s%s 276 Performance (step 2) E:/assignment/assignment/solution1/syn/report/csynth_design_size.rpt 
INFO: [HLS 200-1995] There were 276 instructions in the design after the 'Performance (step 2)' phase of compilation. See the Design Size Report for more details: E:/assignment/assignment/solution1/syn/report/csynth_design_size.rpt
Execute       send_msg_by_id INFO @200-1995@%s%s%s 276 Performance (step 3) E:/assignment/assignment/solution1/syn/report/csynth_design_size.rpt 
INFO: [HLS 200-1995] There were 276 instructions in the design after the 'Performance (step 3)' phase of compilation. See the Design Size Report for more details: E:/assignment/assignment/solution1/syn/report/csynth_design_size.rpt
Execute       send_msg_by_id INFO @200-1995@%s%s%s 276 Performance (step 4) E:/assignment/assignment/solution1/syn/report/csynth_design_size.rpt 
INFO: [HLS 200-1995] There were 276 instructions in the design after the 'Performance (step 4)' phase of compilation. See the Design Size Report for more details: E:/assignment/assignment/solution1/syn/report/csynth_design_size.rpt
Execute       send_msg_by_id INFO @200-1995@%s%s%s 279 HW Transforms (step 1) E:/assignment/assignment/solution1/syn/report/csynth_design_size.rpt 
INFO: [HLS 200-1995] There were 279 instructions in the design after the 'HW Transforms (step 1)' phase of compilation. See the Design Size Report for more details: E:/assignment/assignment/solution1/syn/report/csynth_design_size.rpt
Execute       send_msg_by_id INFO @200-1995@%s%s%s 276 HW Transforms (step 2) E:/assignment/assignment/solution1/syn/report/csynth_design_size.rpt 
INFO: [HLS 200-1995] There were 276 instructions in the design after the 'HW Transforms (step 2)' phase of compilation. See the Design Size Report for more details: E:/assignment/assignment/solution1/syn/report/csynth_design_size.rpt
INFO: [HLS 214-178] Inlining function 'OP_AL_32B(ap_int<32>, ap_uint<3>, ap_int<32>, ap_int<32>)' into 'hart(ap_int<32>, ap_int<32>)' (hart.cpp:5:0)
INFO-FLOW: DBG:PUTS: copy_raw_kernel_xml ap_link_39: kernel.xml not generated: E:/assignment/assignment/solution1/.autopilot/db/kernel.internal.xml
INFO: [HLS 200-111] Finished Compiling Optimization and Transform: CPU user time: 0 seconds. CPU system time: 0 seconds. Elapsed time: 10.064 seconds; current allocated memory: 242.160 MB.
INFO: [HLS 200-111] Finished Checking Pragmas: CPU user time: 0 seconds. CPU system time: 0 seconds. Elapsed time: 0.002 seconds; current allocated memory: 242.164 MB.
Execute       opt_and_import_c a -opt_level=2 -skip_syncheck=0 -ng=0 -keep_printf=0 
Execute         cleanup_all_models 
INFO: [HLS 200-10] Starting code transformations ...
INFO-FLOW: Running Standard Transforms...
Execute         transform -hls -share-std-xform -demangle-name -inline-byval-memcpy -always-inline -promote-dbg-pointer -interface-preproc -mem2reg -scalarrepl -mem2reg -keep-read-access -instcombine -dce -promote-dbg-pointer -bitop-raise -loop-simplify -indvarspre -indvars -loop-simplify -xunroll -constprop -instcombine -simplifycfg -indvars -simplifycfg -dce -globaldce -basicaa -simplifycfg -mem2reg -globalopt -global-constprop -deadargelim -instcombine -simplifycfg -scalarrepl -instcombine -reassociate -licm -simplifycfg -loop-simplify -indvars -instcombine -simplifycfg -mem2reg -loop-simplify -indvars -instcombine -gvn -gvn -instcombine -adce -break-crit-edges -simplifycfg -loop-delete -global-array-opt -dce -dse -adce -find-syn-modules -top hart -deadargelim -mem2reg -instcombine -dce -presyn-prepare -interface-preproc -syn-check -check-rec-only -find-region -simplifycfg -func-extr -function-inline -globaldce -mem2reg -instcombine -dce -gvn -globaldce -adce -adse -constprop -instcombine -bit-constprop -instcombine -dce -simplifycfg -bitop-raise -simplifycfg -dce -loop-delete -reassociate -globalopt -global-privatize -mem2reg -dce -global-constprop -pointer-simplify -constprop -dce -auto-shift-reg-idiom -promote-dbg-pointer -norm-name E:/assignment/assignment/solution1/.autopilot/db/a.g.0.bc -o E:/assignment/assignment/solution1/.autopilot/db/a.g.1.bc -f -phase std-opt 
Command         transform done; 0.659 sec.
INFO: [HLS 200-111] Finished Standard Transforms: CPU user time: 0 seconds. CPU system time: 0 seconds. Elapsed time: 0.685 seconds; current allocated memory: 247.363 MB.
INFO: [HLS 200-10] Checking synthesizability ...
INFO-FLOW: Checking Synthesizability 1/2..
Execute         transform -hls -syn-check -check-rec-only -scalarrepl -norm-name -dce -mem2reg -instcombine -directive-preproc -mem2reg -dse -dce -dce -pag -array-normalize -instcombine -dce -array-seg-normalize -instcombine -dce -data-pack -instcombine -dce -inst-simplify -array-flatten -instcombine -dce -array-burst -dce -deadargelim -promote-global-argument -simplifycfg -mem2reg -globaldce -dce -deadargelim -dce -instcombine -function-inline -globaldce -dce -doublePtrSimplify -doublePtrElim -dce -doublePtrSimplify -promote-dbg-pointer -dce -scalarrepl -dse -adse -instcombine -ptrLegalization -simplifycfg -dce -instcombine -pointer-simplify -ptrArgReplace -dce -instcombine -resolve-double-ptr -scalarrepl -norm-name -dce -mem2reg -instcombine -ptrLegalization -simplifycfg -deadargelim -instcombine -dce -inst-simplify -directive-preproc -mem2reg -dse -dce -globaldce E:/assignment/assignment/solution1/.autopilot/db/a.g.1.bc -o E:/assignment/assignment/solution1/.autopilot/db/a.g.2.prechk.bc -f 
INFO-FLOW: Checking Synthesizability 2/2..
Execute         transform -syn-check E:/assignment/assignment/solution1/.autopilot/db/a.g.2.prechk.bc -o E:/assignment/assignment/solution1/.autopilot/db/a.g.2.bc -f -phase syn-check 
INFO: [HLS 200-111] Finished Checking Synthesizability: CPU user time: 0 seconds. CPU system time: 0 seconds. Elapsed time: 0.089 seconds; current allocated memory: 249.750 MB.
INFO-FLOW: Compiler optimizing ...
INFO-FLOW: Share syncheck's 1.bc for syn flow: copy E:/assignment/assignment/solution1/.autopilot/db/a.g.1.bc to E:/assignment/assignment/solution1/.autopilot/db/a.o.1.bc
INFO-FLOW: Presyn 1...
Execute         transform -hls -tmp E:/assignment/assignment/solution1/.autopilot/db -interface-port-rename -directive-preproc -mem2reg -dse -dce -scalarrepl -norm-name -deadargelim -mem2reg -instcombine -dce -simplifycfg -dce -resource-proc -clib-intrinsic-prepare -dce -func-buffer -dce -pag -array-normalize -func-legal -instcombine -gvn -constprop -dce -simplifycfg -mem2reg -globaldce -resolve-double-ptr -dce -deadargelim -dce -instcombine -ptrArgReplace -mem2reg -dce -array-seg-normalize -deadargelim -instcombine -dce -directive-preproc -mem2reg -dse -dce -pointer-simplify -dce -port-alignment -dce -interface-preproc -data-pack -instcombine -dce -basicaa -aggr-aa -aggrmodref-aa -aggr-aa -gvn -gvn -basicaa -aggr-aa -aggrmodref-aa -aggr-aa -dse -adse -adce -loop-simplify -indvars -instcombine -gvn -loop-simplify -mem2reg -dce -find-region -instcombine -inst-simplify -interface-preproc -cfgopt -instcombine -indvars -auto-loop-unroll -loop-simplify -loop-bound -xunroll -constprop -instcombine -simplifycfg -indvars -simplifycfg -dce -globaldce -clean-region -attach-range -gvn -inst-simplify -constprop -simplifycfg -dce -pointer-simplify -dce -globalopt -constprop -dce -array-promote -scalar-auto-dep-elim -constprop -dce -ptrArgReplace -mem2reg -simplifycfg -dce -instcombine -dce -array-transform-check -array-reshape -instcombine -simplifycfg -dce -ptrArgReplace -deadargelim -mem2reg -instcombine -simplifycfg -dce -indvars -loop-simplify -loop-bound -xunroll -constprop -instcombine -simplifycfg -indvars -simplifycfg -dce -globaldce -basicaa -aggr-aa -aggrmodref-aa -aggr-aa -dse -duplicate-dataflow-processes -globaldce -instcombine -array-partition -prepare-dynamic-array-partition -instcombine -simplifycfg -dce -ptrArgReplace -global-constprop -deadargelim -mem2reg -func-legal -dce -global-constprop -deadargelim -mem2reg -simplifycfg -dce -merge-param -deadargelim -globalopt -constprop -dce -array-promote -scalar-auto-dep-elim -constprop -dce -ptrArgReplace -mem2reg -simplifycfg -dce -mem-intrinsic-preproc -dce -global-internalize -global-privatize -mem2reg -globaldce -promote-global-argument -ptrArgReplace -mem2reg -dce -globalopt -mergereturn -simplify-global-access -mem2reg -dce -pointer-simplify -dce -functionattrs -basicaa -aggr-aa -aggrmodref-aa -aggr-aa -gvn -gvn -basicaa -aggr-aa -aggrmodref-aa -aggr-aa -dse -adse -adce -dce -norm-name -basicaa -aggr-aa -aggrmodref-aa -aggr-aa -accesses-merge -function-inline -complex-op-raise -inst-simplify -globaldce -func-legal -dce -loop-bound -arraycheck -bitwidthmin2 -bitwidthmin2 -on-by-dataflow -loop-delete -instcombine -simplifycfg -globaldce -dce -gvn -deadargelim -dce -loop-simplify -clean-region -simplifycfg -propagate-stable-arguments -loop-stream -instcombine -simplifycfg -dce -globaldce -duplicate-dataflow-processes -stream-intrinsic-preproc -dce -check-ap-stream -loop-simplify -eliminate-keepreads -extract-dataflow-in-loop -loop-simplify -dce -gvn -deadargelim -dse -duplicate-dataflow-processes -check-dataflow-syntax -legalize-stream-variable -globaldce -legalize-global -extract-subproc -dce -dead-channel-elimination -canonicalize-gep -globaldce -dce -gvn -hls-dead-arg-elim -deadargelim -directive-preproc -canonicalize-dataflow -dce -globaldce -scalar-preprocessing -scalar-propagation2 -scalar-stream -deadargelim -globaldce -mem2reg -check-dataflow-channels -function-stream -dce -globaldce -prop-fifo-spec -internal-stream-gen -canonicalize-gep -globaldce -dce -gvn -deadargelim -mergereturn -indvars -loop-simplify -instcombine -array-stream -array-seg-normalize -array-partition -clean-array-spec -func-legal -instcombine -simplifycfg -dce -bundle-memfifo-ops -deadargelim -directive-preproc -mem2reg -dse -dce -group-axi-access -licm -simplifycfg -dce -loop-delete -hls-display -norm-name E:/assignment/assignment/solution1/.autopilot/db/a.o.1.bc -o E:/assignment/assignment/solution1/.autopilot/db/a.o.1.tmp.bc -f 
Command         transform done; 0.298 sec.
INFO-FLOW: Presyn 2...
Execute         transform -hls -keep-callgraph -scalarrepl -mem2reg -port-alignment -attach-range -dce -pipe-mux-gen -indvars -loop-bound -inst-simplify -instcombine -dce -merge-array-access -mem2reg -dce -clean-region -mergereturn -if-conv -instcombine -dce -constprop -basicaa -aggr-aa -aggrmodref-aa -aggr-aa -gvn -gvn -basicaa -aggr-aa -aggrmodref-aa -aggr-aa -dse -adse -adce -scalarrepl -mem2reg -global-constprop -deadargelim -deadargelim -instcombine -dce -simplifycfg -ptrArgReplace -mem2reg -function-inline -globaldce -mem2reg -instcombine -dce -expr-balance -instcombine -dce -bitwidthmin2 -bitwidthmin2 -interface-preproc -directive-preproc -inst-rectify -instcombine -dce -functionattrs -constprop -instcombine -bit-constprop -simplify-global-access -globalopt -globaldce -inst-simplify -instcombine -elimdeaddata -dce -loop-delete -simplifycfg -loop-simplify -barrier -norm-name E:/assignment/assignment/solution1/.autopilot/db/a.o.1.tmp.bc -o E:/assignment/assignment/solution1/.autopilot/db/a.o.2.bc -f -phase presyn 
INFO: [XFORM 203-401] Performing if-conversion on hyperblock from (OP_AL_32I.cpp:13:21) to (OP_AL_32I.cpp:80:1) in function 'OP_AL_32I'... converting 42 basic blocks.
INFO: [HLS 200-111] Finished Loop, function and other optimizations: CPU user time: 0 seconds. CPU system time: 0 seconds. Elapsed time: 0.356 seconds; current allocated memory: 271.879 MB.
INFO-FLOW: Building ssdm...
Execute         transform -hls -auto-function-inline -globaldce -ptrArgReplace -mem2reg -dce -reset-lda -loop-simplify -indvars -aggr-aa -licm -loop-dep -loop-bound -licm -loop-simplify -loop-sink-hoist -flattenloopnest -array-flatten -gvn -instcombine -dce -array-map -dce -func-legal -gvn -adce -instcombine -cfgopt -simplifycfg-lite -loop-simplify -array-burst -promote-global-argument -dce -array-seg-normalize -basicaa -aggrmodref-aa -globalsmodref-aa -aggr-aa -gvn -gvn -basicaa -aggrmodref-aa -globalsmodref-aa -aggr-aa -dse -adse -adce -licm -inst-simplify -dce -globaldce -instcombine -array-stream -eliminate-keepreads -instcombine -dce -deadargelim -doublePtrSimplify -doublePtrElim -dce -doublePtrSimplify -promote-dbg-pointer -dce -scalarrepl -mem2reg -norm-name -mem2reg -instcombine -dse -adse -adce -ptrLegalization -dce -array-flatten -dce -instcombine -check-doubleptr -loop-rot -constprop -cfgopt -simplifycfg-lite -loop-simplify -indvars -pointer-simplify -dce -loop-bound -loop-simplify -loop-preproc -constprop -global-constprop -gvn -mem2reg -instcombine -dce -loop-bound -loop-merge -dce -deadargelim -dce -canonicalize-dataflow -dce -deadargelim -globaldce -mem2reg -bram-byte-enable -inst-simplify -inst-rectify -instcombine -adce -deadargelim -load-elim -read-loop-dep -loop-simplify -loop-extract-inner -directive-preproc -bitwidthmin2 -bitwidthmin2 -read-loop-dep -interface-preproc -directive-preproc -interface-gen -bram-byte-enable-spec-prop -deadargelim -inst-simplify -dce -mem2reg -instcombine -gvn -dce -adse -loop-bound -instcombine -cfgopt -simplifycfg-lite -loop-simplify -clean-region -io-protocol -find-region -mem2reg -bitop-raise -complex-op-raise -inst-simplify -inst-rectify -instcombine -adce -deadargelim -float-op-raise -loop-simplify -phi-opt -bitop-raise -cfgopt -simplifycfg-lite -strip-dead-prototypes -interface-lower -bitop-lower -intrinsic-lower -auto-function-inline -basicaa -aggrmodref-aa -globalsmodref-aa -aggr-aa -inst-simplify -simplifycfg-lite -loop-simplify -mergereturn -inst-simplify -inst-rectify -globaldce -dce -load-elim -bitop-lower -float-op-raise -fma-raise -loop-rewind -pointer-simplify -dce -cfgopt -dce -loop-bound -loop-dep -read-loop-dep -dce -dyn-mem-reuse -dce -recurrence-min -dce -share-scalar-alloca -deadargelim -dce -check-stream -norm-name -legalize -validate-dataflow -inst-clarity -bitwidth -dce -dump-loop-dep-to-ir -check-all-ssdm -dump-complexity-metric -cdfg-build E:/assignment/assignment/solution1/.autopilot/db/a.o.2.bc -o E:/assignment/assignment/solution1/.autopilot/db/a.o.3.bc -f -phase build-ssdm 
Execute           auto_get_db
Command         transform done; 0.362 sec.
INFO: [HLS 200-111] Finished Architecture Synthesis: CPU user time: 0 seconds. CPU system time: 0 seconds. Elapsed time: 0.363 seconds; current allocated memory: 274.293 MB.
INFO-FLOW: Finish building internal data model.
Command       opt_and_import_c done; 1.532 sec.
Command     elaborate done; 28.037 sec.
Execute     ap_eval exec zip -j E:/assignment/assignment/solution1/.autopilot/db/dut.hcp $dbDir/a.o.3.bc $dbDir/${topname}.rtl_wrap.cfg.tcl $dbDir/apatb_${topname}.cpp $dbDir/apatb_${topname}_util.cpp $dbDir/apatb_${topname}_ir.ll $dbDir/mapper_${topname}.cpp $dbDir/top-io-fe.xml $dbDir/kernel.internal.xml $workdir/../hls.app 
Command     ap_eval done; 0.282 sec.
Execute     autosyn -from_csynth_design=1 
INFO: [HLS 200-10] Starting hardware synthesis ...
INFO-FLOW: Synthesizing C/C++ design ...
INFO: [HLS 200-10] Synthesizing 'hart' ...
Execute       ap_set_top_model hart 
Execute       get_model_list hart -filter all-wo-channel -topdown 
Execute       preproc_iomode -model hart 
Execute       preproc_iomode -model OP_AL_32I 
Execute       get_model_list hart -filter all-wo-channel 
INFO-FLOW: Model list for configure: OP_AL_32I hart
INFO-FLOW: Configuring Module : OP_AL_32I ...
Execute       set_default_model OP_AL_32I 
Execute       apply_spec_resource_limit OP_AL_32I 
INFO-FLOW: Configuring Module : hart ...
Execute       set_default_model hart 
Execute       apply_spec_resource_limit hart 
INFO-FLOW: Model list for preprocess: OP_AL_32I hart
INFO-FLOW: Preprocessing Module: OP_AL_32I ...
Execute       set_default_model OP_AL_32I 
Execute       cdfg_preprocess -model OP_AL_32I 
Execute       rtl_gen_preprocess OP_AL_32I 
INFO-FLOW: Preprocessing Module: hart ...
Execute       set_default_model hart 
Execute       cdfg_preprocess -model hart 
Execute       rtl_gen_preprocess hart 
INFO-FLOW: Model list for synthesis: OP_AL_32I hart
INFO: [HLS 200-10] ----------------------------------------------------------------
INFO: [HLS 200-42] -- Implementing module 'OP_AL_32I' 
INFO: [HLS 200-10] ----------------------------------------------------------------
Execute       set_default_model OP_AL_32I 
Execute       schedule -model OP_AL_32I 
INFO: [SCHED 204-11] Starting scheduling ...
INFO: [SCHED 204-11] Finished scheduling.
Command       schedule done; 0.415 sec.
INFO: [HLS 200-111] Finished Scheduling: CPU user time: 0 seconds. CPU system time: 1 seconds. Elapsed time: 0.966 seconds; current allocated memory: 279.645 MB.
Execute       syn_report -verbosereport -o E:/assignment/assignment/solution1/.autopilot/db/OP_AL_32I.verbose.sched.rpt 
Execute         list_part -family xc7vx550t-ffg1927-1 
Execute           ap_family_info -name xc7vx550t-ffg1927-1 -data names 
Execute           ap_part_info -quiet -name xc7vx550t-ffg1927-1 -data family 
Command       syn_report done; 0.114 sec.
Execute       db_write -o E:/assignment/assignment/solution1/.autopilot/db/OP_AL_32I.sched.adb -f 
INFO-FLOW: Finish scheduling OP_AL_32I.
Execute       set_default_model OP_AL_32I 
Execute       bind -model OP_AL_32I 
INFO: [BIND 205-100] Starting micro-architecture generation ...
INFO: [BIND 205-101] Performing variable lifetime analysis.
INFO: [BIND 205-101] Exploring resource sharing.
INFO: [BIND 205-101] Binding ...
INFO: [BIND 205-100] Finished micro-architecture generation.
Command       bind done; 0.857 sec.
INFO: [HLS 200-111] Finished Binding: CPU user time: 0 seconds. CPU system time: 0 seconds. Elapsed time: 1.068 seconds; current allocated memory: 280.973 MB.
Execute       syn_report -verbosereport -o E:/assignment/assignment/solution1/.autopilot/db/OP_AL_32I.verbose.bind.rpt 
Execute         list_part -family xc7vx550t-ffg1927-1 
Execute           ap_family_info -name xc7vx550t-ffg1927-1 -data names 
Execute           ap_part_info -quiet -name xc7vx550t-ffg1927-1 -data family 
Execute       db_write -o E:/assignment/assignment/solution1/.autopilot/db/OP_AL_32I.bind.adb -f 
INFO-FLOW: Finish binding OP_AL_32I.
INFO: [HLS 200-10] ----------------------------------------------------------------
INFO: [HLS 200-42] -- Implementing module 'hart' 
INFO: [HLS 200-10] ----------------------------------------------------------------
Execute       set_default_model hart 
Execute       schedule -model hart 
INFO: [SCHED 204-11] Starting scheduling ...
INFO: [SCHED 204-11] Finished scheduling.
Command       schedule done; 1.096 sec.
INFO: [HLS 200-111] Finished Scheduling: CPU user time: 0 seconds. CPU system time: 0 seconds. Elapsed time: 1.248 seconds; current allocated memory: 281.602 MB.
Execute       syn_report -verbosereport -o E:/assignment/assignment/solution1/.autopilot/db/hart.verbose.sched.rpt 
Execute         list_part -family xc7vx550t-ffg1927-1 
Execute           ap_family_info -name xc7vx550t-ffg1927-1 -data names 
Execute           ap_part_info -quiet -name xc7vx550t-ffg1927-1 -data family 
Execute       db_write -o E:/assignment/assignment/solution1/.autopilot/db/hart.sched.adb -f 
INFO-FLOW: Finish scheduling hart.
Execute       set_default_model hart 
Execute       bind -model hart 
INFO: [BIND 205-100] Starting micro-architecture generation ...
INFO: [BIND 205-101] Performing variable lifetime analysis.
INFO: [BIND 205-101] Exploring resource sharing.
INFO: [BIND 205-101] Binding ...
INFO: [BIND 205-100] Finished micro-architecture generation.
Command       bind done; 0.902 sec.
INFO: [HLS 200-111] Finished Binding: CPU user time: 0 seconds. CPU system time: 0 seconds. Elapsed time: 0.979 seconds; current allocated memory: 281.852 MB.
Execute       syn_report -verbosereport -o E:/assignment/assignment/solution1/.autopilot/db/hart.verbose.bind.rpt 
Execute         list_part -family xc7vx550t-ffg1927-1 
Execute           ap_family_info -name xc7vx550t-ffg1927-1 -data names 
Execute           ap_part_info -quiet -name xc7vx550t-ffg1927-1 -data family 
Execute       db_write -o E:/assignment/assignment/solution1/.autopilot/db/hart.bind.adb -f 
INFO-FLOW: Finish binding hart.
Execute       get_model_list hart -filter all-wo-channel 
INFO-FLOW: Preprocessing for RTLGen ...
Execute       rtl_gen_preprocess OP_AL_32I 
Execute       rtl_gen_preprocess hart 
INFO-FLOW: Model list for RTL generation: OP_AL_32I hart
INFO: [HLS 200-10] ----------------------------------------------------------------
INFO: [HLS 200-10] -- Generating RTL for module 'OP_AL_32I' 
INFO: [HLS 200-10] ----------------------------------------------------------------
Execute       create_rtl_model OP_AL_32I -top_prefix hart_ -sub_prefix hart_ -mg_file E:/assignment/assignment/solution1/.autopilot/db/OP_AL_32I.compgen.tcl 
INFO: [RTGEN 206-100] Finished creating RTL model for 'OP_AL_32I'.
Command       create_rtl_model done; 0.829 sec.
INFO: [HLS 200-111] Finished Creating RTL model: CPU user time: 0 seconds. CPU system time: 0 seconds. Elapsed time: 0.984 seconds; current allocated memory: 283.609 MB.
Execute       source E:/assignment/assignment/solution1/.autopilot/db/hart.rtl_wrap.cfg.tcl 
Execute       gen_rtl OP_AL_32I -style xilinx -f -lang vhdl -o E:/assignment/assignment/solution1/syn/vhdl/hart_OP_AL_32I 
Execute       gen_rtl OP_AL_32I -style xilinx -f -lang vlog -o E:/assignment/assignment/solution1/syn/verilog/hart_OP_AL_32I 
Execute       syn_report -csynth -model OP_AL_32I -o E:/assignment/assignment/solution1/syn/report/OP_AL_32I_csynth.rpt 
Execute         list_part -family xc7vx550t-ffg1927-1 
Execute           ap_family_info -name xc7vx550t-ffg1927-1 -data names 
Execute           ap_part_info -quiet -name xc7vx550t-ffg1927-1 -data family 
Execute       syn_report -rtlxml -model OP_AL_32I -o E:/assignment/assignment/solution1/syn/report/OP_AL_32I_csynth.xml 
Execute         list_part -family xc7vx550t-ffg1927-1 
Execute           ap_family_info -name xc7vx550t-ffg1927-1 -data names 
Execute           ap_part_info -quiet -name xc7vx550t-ffg1927-1 -data family 
Execute       syn_report -verbosereport -model OP_AL_32I -o E:/assignment/assignment/solution1/.autopilot/db/OP_AL_32I.verbose.rpt 
Execute         list_part -family xc7vx550t-ffg1927-1 
Execute           ap_family_info -name xc7vx550t-ffg1927-1 -data names 
Execute           ap_part_info -quiet -name xc7vx550t-ffg1927-1 -data family 
Execute       db_write -model OP_AL_32I -f -o E:/assignment/assignment/solution1/.autopilot/db/OP_AL_32I.adb 
Execute       db_write -model OP_AL_32I -bindview -o E:/assignment/assignment/solution1/.autopilot/db/design.bindinfo.xml 
Execute       gen_tb_info OP_AL_32I -p E:/assignment/assignment/solution1/.autopilot/db -o E:/assignment/assignment/solution1/.autopilot/db/OP_AL_32I 
INFO: [HLS 200-10] ----------------------------------------------------------------
INFO: [HLS 200-10] -- Generating RTL for module 'hart' 
INFO: [HLS 200-10] ----------------------------------------------------------------
Execute       create_rtl_model hart -top_prefix  -sub_prefix hart_ -mg_file E:/assignment/assignment/solution1/.autopilot/db/hart.compgen.tcl 
INFO: [RTGEN 206-500] Setting interface mode on port 'hart/inst' to 'ap_none'.
INFO: [RTGEN 206-500] Setting interface mode on port 'hart/pc' to 'ap_none'.
INFO: [RTGEN 206-500] Setting interface mode on function 'hart' to 'ap_ctrl_hs'.
INFO: [RTGEN 206-100] Finished creating RTL model for 'hart'.
INFO: [RTMG 210-278] Implementing memory 'hart_rf_RAM_AUTO_1R1W' using auto RAMs.
Command       create_rtl_model done; 0.278 sec.
INFO: [HLS 200-111] Finished Creating RTL model: CPU user time: 0 seconds. CPU system time: 0 seconds. Elapsed time: 0.804 seconds; current allocated memory: 287.109 MB.
Execute       source E:/assignment/assignment/solution1/.autopilot/db/hart.rtl_wrap.cfg.tcl 
Execute       gen_rtl hart -istop -style xilinx -f -lang vhdl -o E:/assignment/assignment/solution1/syn/vhdl/hart 
Execute       gen_rtl hart -istop -style xilinx -f -lang vlog -o E:/assignment/assignment/solution1/syn/verilog/hart 
Execute       syn_report -csynth -model hart -o E:/assignment/assignment/solution1/syn/report/hart_csynth.rpt 
Execute         list_part -family xc7vx550t-ffg1927-1 
Execute           ap_family_info -name xc7vx550t-ffg1927-1 -data names 
Execute           ap_part_info -quiet -name xc7vx550t-ffg1927-1 -data family 
Execute       syn_report -rtlxml -model hart -o E:/assignment/assignment/solution1/syn/report/hart_csynth.xml 
Execute         list_part -family xc7vx550t-ffg1927-1 
Execute           ap_family_info -name xc7vx550t-ffg1927-1 -data names 
Execute           ap_part_info -quiet -name xc7vx550t-ffg1927-1 -data family 
Execute       syn_report -verbosereport -model hart -o E:/assignment/assignment/solution1/.autopilot/db/hart.verbose.rpt 
Execute         list_part -family xc7vx550t-ffg1927-1 
Execute           ap_family_info -name xc7vx550t-ffg1927-1 -data names 
Execute           ap_part_info -quiet -name xc7vx550t-ffg1927-1 -data family 
Execute       db_write -model hart -f -o E:/assignment/assignment/solution1/.autopilot/db/hart.adb 
Command       db_write done; 0.393 sec.
Execute       db_write -model hart -bindview -o E:/assignment/assignment/solution1/.autopilot/db/design.bindinfo.xml 
Execute       gen_tb_info hart -p E:/assignment/assignment/solution1/.autopilot/db -o E:/assignment/assignment/solution1/.autopilot/db/hart 
Command       gen_tb_info done; 0.197 sec.
Execute       export_constraint_db -f -tool general -o E:/assignment/assignment/solution1/.autopilot/db/hart.constraint.tcl 
Execute       syn_report -designview -model hart -o E:/assignment/assignment/solution1/.autopilot/db/hart.design.xml 
Execute       syn_report -csynthDesign -model hart -o E:/assignment/assignment/solution1/syn/report/csynth.rpt -MHOut E:/assignment/assignment/solution1/.autopilot/db/kernel_module_hierarchy.tcl 
Execute         list_part -family xc7vx550t-ffg1927-1 
Execute           ap_family_info -name xc7vx550t-ffg1927-1 -data names 
Execute           ap_part_info -quiet -name xc7vx550t-ffg1927-1 -data family 
Execute       syn_report -wcfg -model hart -o E:/assignment/assignment/solution1/.autopilot/db/hart_dataflow_ana.wcfg 
Execute       syn_report -protoinst -model hart -o E:/assignment/assignment/solution1/.autopilot/db/hart.protoinst 
Command       syn_report done; 0.117 sec.
Execute       sc_get_clocks hart 
Execute       sc_get_portdomain hart 
INFO-FLOW: Model list for RTL component generation: OP_AL_32I hart
INFO-FLOW: Handling components in module [OP_AL_32I] ... 
Execute       source E:/assignment/assignment/solution1/.autopilot/db/OP_AL_32I.compgen.tcl 
INFO-FLOW: Handling components in module [hart] ... 
Execute       source E:/assignment/assignment/solution1/.autopilot/db/hart.compgen.tcl 
INFO-FLOW: Found component hart_rf_RAM_AUTO_1R1W.
INFO-FLOW: Append model hart_rf_RAM_AUTO_1R1W
INFO-FLOW: Append model OP_AL_32I
INFO-FLOW: Append model hart
INFO-FLOW: Generating RTL model list ...
INFO-FLOW: All models in this session: hart_rf_RAM_AUTO_1R1W OP_AL_32I hart
INFO-FLOW: Generating E:/assignment/assignment/solution1/.autopilot/db/autopilot.rtl.models.txt file...
INFO-FLOW: To file: write model hart_rf_RAM_AUTO_1R1W
INFO-FLOW: To file: write model OP_AL_32I
INFO-FLOW: To file: write model hart
INFO-FLOW: Generating E:/assignment/assignment/solution1/.autopilot/db/autopilot.rtl.models.tcl file...
INFO-FLOW: Finished generating RTL model list.


INFO-FLOW: RTL Generation done.
INFO-FLOW: CAS Generation done.
INFO-FLOW: CBC Generation done.
INFO-FLOW: DBG:PROC: ::AESL_AUTOMG::auto_generate_csynth_design
INFO-FLOW: DBG:PUTS: read_platform_lib E:/assignment/assignment/solution1/.autopilot/db/global.setting.tcl
Execute       source E:/Xilinx/Vitis_HLS/2023.2/common/technology/generic/autopilot/common.gen 
Execute         source E:/Xilinx/Vitis_HLS/2023.2/common/technology/generic/autopilot/APCoreGen.gen 
Execute       source E:/Xilinx/Vitis_HLS/2023.2/common/technology/generic/autopilot/op.gen 
Execute       source E:/Xilinx/Vitis_HLS/2023.2/common/technology/generic/autopilot/op_simcore.gen 
Execute       source E:/Xilinx/Vitis_HLS/2023.2/common/technology/generic/autopilot/interface.gen 
Execute       source E:/assignment/assignment/solution1/.autopilot/db/global.setting.tcl 
Execute       source E:/Xilinx/Vitis_HLS/2023.2/common/technology/xilinx/common/xilinx.gen 
Execute         source E:/Xilinx/Vitis_HLS/2023.2/common/technology/xilinx/interface/plb46.gen 
Execute         source E:/Xilinx/Vitis_HLS/2023.2/common/technology/xilinx/interface/axi4.gen 
Execute         source E:/Xilinx/Vitis_HLS/2023.2/common/technology/xilinx/interface/nativeAXI4.gen 
Execute           source E:/Xilinx/Vitis_HLS/2023.2/common/technology/xilinx/interface/saxilite.gen 
Execute         source E:/Xilinx/Vitis_HLS/2023.2/common/technology/xilinx/scripts/xilinxcoregen.gen 
Execute         source E:/Xilinx/Vitis_HLS/2023.2/common/technology/xilinx/interface/XilEDKCoreGen.gen 
Execute         source E:/Xilinx/Vitis_HLS/2023.2/common/technology/xilinx/ip/dds_compiler.gen 
Execute         source E:/Xilinx/Vitis_HLS/2023.2/common/technology/xilinx/ip/util.gen 
Execute         source E:/Xilinx/Vitis_HLS/2023.2/common/technology/xilinx/ip/xfft.gen 
Execute         source E:/Xilinx/Vitis_HLS/2023.2/common/technology/xilinx/ip/xfir.gen 
Execute         source E:/Xilinx/Vitis_HLS/2023.2/common/technology/xilinx/DSP48/dsp48.gen 
INFO-FLOW: DBG:PUTS:   using AESL_AUTOCG::g_clock_period=10 (was NA)
INFO-FLOW: DBG:PROC: ::AESL_AUTOMG::generate_ip_cores gen_sim_model='1' gen_fp_models='0' gen_for_export='0' dstSCDir='' dstVhdlDir='E:/assignment/assignment/solution1/.autopilot/db/vhdl' dstVlogDir='E:/assignment/assignment/solution1/.autopilot/db/vlog' tclDir='E:/assignment/assignment/solution1/.autopilot/db' modelList='hart_rf_RAM_AUTO_1R1W
OP_AL_32I
hart
' expOnly='0'
Execute       source E:/assignment/assignment/solution1/.autopilot/db/global.setting.tcl 
Execute       ap_part_info -name xc7vx550t-ffg1927-1 -data names -quiet 
Execute       ap_part_info -name xc7vx550t-ffg1927-1 -data info -quiet 
Execute       source E:/assignment/assignment/solution1/.autopilot/db/global.setting.tcl 
Execute       source E:/assignment/assignment/solution1/.autopilot/db/global.setting.tcl 
Execute       source E:/assignment/assignment/solution1/.autopilot/db/OP_AL_32I.compgen.tcl 
Execute       source E:/assignment/assignment/solution1/.autopilot/db/hart.compgen.tcl 
INFO: [HLS 200-111] Finished Generating all RTL models: CPU user time: 0 seconds. CPU system time: 0 seconds. Elapsed time: 1.726 seconds; current allocated memory: 291.727 MB.
INFO-FLOW: DBG:PROC: ::HLSREPORTS::create_csynth_xml bind_info_var='bind_info' RtlSubPrefix='hart_' outfile=''
INFO-FLOW: Running: create_csynth_xml read xml data
INFO-FLOW: Done: create_csynth_xml read xml data time: 0 seconds per iteration
INFO-FLOW: Running: create_csynth_xml bind info
INFO-FLOW: Done: create_csynth_xml bind info time: 0 seconds per iteration
INFO-FLOW: Running: create_csynth_xml config info
INFO-FLOW: Done: create_csynth_xml config info time: 0.2 seconds per iteration
INFO-FLOW: Running: create_csynth_xml write xml
INFO-FLOW: Done: create_csynth_xml write xml time: 0 seconds per iteration
INFO-FLOW: DBG:PUTS:      create_csynth_xml wrote csynth_xml=E:/assignment/assignment/solution1/syn/report/csynth.xml
INFO-FLOW: DBG:PROC: ::AP::DESIGN_DATA::generate_json generate_bd_files='0' generate_xo_files='0' modelList='hart_rf_RAM_AUTO_1R1W
OP_AL_32I
hart
' rtl_lang='both' bootstrap_tcl='false' outdir='' outfilename=''
Execute       source E:/assignment/assignment/solution1/.autopilot/db/global.setting.tcl 
Execute       source E:/assignment/assignment/solution1/.autopilot/db/global.setting.tcl 
Execute       source E:/assignment/assignment/solution1/.autopilot/db/top-io-be.tcl 
Execute       source E:/assignment/assignment/solution1/.autopilot/db/hart.tbgen.tcl 
Execute       source E:/assignment/assignment/solution1/.autopilot/db/hart.rtl_wrap.cfg.tcl 
Execute       source E:/assignment/assignment/solution1/.autopilot/db/hart.compgen.dataonly.tcl 
Execute       source E:/assignment/assignment/solution1/.autopilot/db/OP_AL_32I.tbgen.tcl 
Execute       source E:/assignment/assignment/solution1/.autopilot/db/hart.tbgen.tcl 
Execute       source E:/assignment/assignment/solution1/.autopilot/db/global.setting.tcl 
Execute       ap_part_info -name xc7vx550t-ffg1927-1 -data names -quiet 
Execute       ap_part_info -name xc7vx550t-ffg1927-1 -data info -quiet 
Execute       source E:/assignment/assignment/solution1/.autopilot/db/hart.constraint.tcl 
Execute       sc_get_clocks hart 
Execute       source E:/assignment/assignment/solution1/.autopilot/db/global.setting.tcl 
INFO-FLOW: DBG:PROC: ::HLSREPORTS::add_csynth_report_sections bind_info_dict='adapter_nodes {} report_dict {TOPINST hart MODULE2INSTS {hart hart OP_AL_32I grp_OP_AL_32I_fu_211} INST2MODULE {hart hart grp_OP_AL_32I_fu_211 OP_AL_32I} INSTDATA {hart {DEPTH 1 CHILDREN grp_OP_AL_32I_fu_211} grp_OP_AL_32I_fu_211 {DEPTH 2 CHILDREN {}}} MODULEDATA {OP_AL_32I {BINDINFO {{BINDTYPE op ID {} IMPL fabric LATENCY 0 OPTYPE add PRAGMA {} RTLNAME grp_fu_279_p2 SOURCE OP_AL_32I.cpp:51 VARIABLE rd_val LOOP {} BUNDLEDNAME {} DSP 0 BRAM 0 URAM 0 STORAGESUBTYPE {} DISPNAME {bind_op add}} {BINDTYPE op ID {} IMPL fabric LATENCY 0 OPTYPE sub PRAGMA {} RTLNAME grp_fu_299_p2 SOURCE OP_AL_32I.cpp:64 VARIABLE sub_ln64 LOOP {} BUNDLEDNAME {} DSP 0 BRAM 0 URAM 0 STORAGESUBTYPE {} DISPNAME {bind_op sub}} {BINDTYPE op ID {} IMPL fabric LATENCY 0 OPTYPE sub PRAGMA {} RTLNAME grp_fu_299_p2 SOURCE OP_AL_32I.cpp:37 VARIABLE sub_ln37_1 LOOP {} BUNDLEDNAME {} DSP 0 BRAM 0 URAM 0 STORAGESUBTYPE {} DISPNAME {bind_op sub}} {BINDTYPE op ID {} IMPL fabric LATENCY 0 OPTYPE sub PRAGMA {} RTLNAME grp_fu_299_p2 SOURCE OP_AL_32I.cpp:37 VARIABLE sub_ln37 LOOP {} BUNDLEDNAME {} DSP 0 BRAM 0 URAM 0 STORAGESUBTYPE {} DISPNAME {bind_op sub}} {BINDTYPE op ID {} IMPL fabric LATENCY 0 OPTYPE sub PRAGMA {} RTLNAME rd_val_12_fu_431_p2 SOURCE OP_AL_32I.cpp:36 VARIABLE rd_val_12 LOOP {} BUNDLEDNAME {} DSP 0 BRAM 0 URAM 0 STORAGESUBTYPE {} DISPNAME {bind_op sub}} {BINDTYPE op ID {} IMPL fabric LATENCY 0 OPTYPE sub PRAGMA {} RTLNAME grp_fu_299_p2 SOURCE OP_AL_32I.cpp:26 VARIABLE sub_ln26 LOOP {} BUNDLEDNAME {} DSP 0 BRAM 0 URAM 0 STORAGESUBTYPE {} DISPNAME {bind_op sub}} {BINDTYPE op ID {} IMPL fabric LATENCY 0 OPTYPE sub PRAGMA {} RTLNAME grp_fu_299_p2 SOURCE OP_AL_32I.cpp:22 VARIABLE sub_ln22 LOOP {} BUNDLEDNAME {} DSP 0 BRAM 0 URAM 0 STORAGESUBTYPE {} DISPNAME {bind_op sub}} {BINDTYPE op ID {} IMPL fabric LATENCY 0 OPTYPE add PRAGMA {} RTLNAME grp_fu_279_p2 SOURCE OP_AL_32I.cpp:21 VARIABLE rd_val_7 LOOP {} BUNDLEDNAME {} DSP 0 BRAM 0 URAM 0 STORAGESUBTYPE {} DISPNAME {bind_op add}}} AREA {DSP 0 BRAM 0 URAM 0}} hart {BINDINFO {{BINDTYPE op ID {} IMPL fabric LATENCY 0 OPTYPE add PRAGMA {} RTLNAME grp_fu_220_p2 SOURCE hart.cpp:43 VARIABLE t LOOP {} BUNDLEDNAME {} DSP 0 BRAM 0 URAM 0 STORAGESUBTYPE {} DISPNAME {bind_op add}} {BINDTYPE op ID {} IMPL fabric LATENCY 0 OPTYPE add PRAGMA {} RTLNAME grp_fu_220_p2 SOURCE hart.cpp:40 VARIABLE add_ln40 LOOP {} BUNDLEDNAME {} DSP 0 BRAM 0 URAM 0 STORAGESUBTYPE {} DISPNAME {bind_op add}} {BINDTYPE op ID {} IMPL fabric LATENCY 0 OPTYPE add PRAGMA {} RTLNAME add_ln39_fu_311_p2 SOURCE hart.cpp:39 VARIABLE add_ln39 LOOP {} BUNDLEDNAME {} DSP 0 BRAM 0 URAM 0 STORAGESUBTYPE {} DISPNAME {bind_op add}} {BINDTYPE op ID {} IMPL fabric LATENCY 0 OPTYPE add PRAGMA {} RTLNAME next_pc_fu_366_p2 SOURCE hart.cpp:53 VARIABLE next_pc LOOP {} BUNDLEDNAME {} DSP 0 BRAM 0 URAM 0 STORAGESUBTYPE {} DISPNAME {bind_op add}} {BINDTYPE storage ID {} IMPL auto LATENCY 1 OPTYPE ram_t2p PRAGMA {} RTLNAME rf_U SOURCE {} VARIABLE rf LOOP {} BUNDLEDNAME {} DSP 0 BRAM 2 URAM 0 STORAGESUBTYPE {} STORAGESIZE {32 32 1} STORAGEUSAGE ram_t2p DISPNAME {bind_storage ram_t2p}}} AREA {DSP 0 BRAM 2 URAM 0}}}}'
INFO-FLOW: DBG:PUTS:      update_csynth_reports json2rpt_hw_sw_interfaces
INFO-FLOW: Running: gen_csynth_sec_pragma
INFO-FLOW: Done: gen_csynth_sec_pragma time: 0 seconds per iteration
INFO-FLOW: DBG:PUTS:      update_csynth_reports wrote xml
INFO-FLOW: DBG:PUTS:      update_csynth_reports appended to csynth rpt file
INFO: [HLS 200-111] Finished Updating report files: CPU user time: 1 seconds. CPU system time: 0 seconds. Elapsed time: 0.595 seconds; current allocated memory: 296.605 MB.
INFO: [VHDL 208-304] Generating VHDL RTL for hart.
INFO: [VLOG 209-307] Generating Verilog RTL for hart.
Execute       syn_report -model hart -printsummary 
INFO: [HLS 200-789] **** Estimated Fmax: 150.16 MHz
Command       syn_report done; 0.951 sec.
Command     autosyn done; 9.17 sec.
Command   csynth_design done; 37.646 sec.
INFO: [HLS 200-111] Finished Command csynth_design CPU user time: 2 seconds. CPU system time: 1 seconds. Elapsed time: 37.646 seconds; current allocated memory: 58.973 MB.
Command ap_source done; 59.631 sec.
Execute cleanup_all 
INFO-FLOW: Workspace E:/assignment/assignment/solution1 opened at Sun Apr 14 20:14:36 +0300 2024
Execute     ap_set_clock -name default -period 10 -default=false 
INFO: [SYN 201-201] Setting up clock 'default' with a period of 10ns.
Execute     set_part xc7vx550t-ffg1927-1 
Execute       create_platform xc7vx550t-ffg1927-1 -board  
DBG:HLSDevice: Trying to load device library: E:/Xilinx/Vitis_HLS/2023.2\lib\win64.o\xv_hlsvwrap.dll
DBG:HLSDevice: first parts/arch.xml in RDI_DATADIR: E:/Xilinx/Vivado/2023.2/data/parts/arch.xml
DBG:HLSDevice: init success
INFO: [HLS 200-1611] Setting target device to 'xc7vx550t-ffg1927-1'
Command       create_platform done; 1.823 sec.
Execute       source E:/Xilinx/Vitis_HLS/2023.2/common/technology/xilinx/common/xilinx.gen 
Execute         source E:/Xilinx/Vitis_HLS/2023.2/common/technology/xilinx/interface/plb46.gen 
Execute         source E:/Xilinx/Vitis_HLS/2023.2/common/technology/xilinx/interface/axi4.gen 
Execute         source E:/Xilinx/Vitis_HLS/2023.2/common/technology/xilinx/interface/nativeAXI4.gen 
Execute           source E:/Xilinx/Vitis_HLS/2023.2/common/technology/xilinx/interface/saxilite.gen 
Execute         source E:/Xilinx/Vitis_HLS/2023.2/common/technology/xilinx/scripts/xilinxcoregen.gen 
Execute         source E:/Xilinx/Vitis_HLS/2023.2/common/technology/xilinx/interface/XilEDKCoreGen.gen 
Execute         source E:/Xilinx/Vitis_HLS/2023.2/common/technology/xilinx/ip/dds_compiler.gen 
Execute         source E:/Xilinx/Vitis_HLS/2023.2/common/technology/xilinx/ip/util.gen 
Execute         source E:/Xilinx/Vitis_HLS/2023.2/common/technology/xilinx/ip/xfft.gen 
Execute         source E:/Xilinx/Vitis_HLS/2023.2/common/technology/xilinx/ip/xfir.gen 
Execute         source E:/Xilinx/Vitis_HLS/2023.2/common/technology/xilinx/DSP48/dsp48.gen 
Execute       ap_part_info -name xc7vx550t-ffg1927-1 -data info 
Execute       config_compile -quiet -complex-mul-dsp=0 
Command     set_part done; 1.99 sec.
Execute     send_msg_by_id INFO @200-1505@%s%s  vivado 
INFO: [HLS 200-1505] Using flow_target 'vivado'
Execute     send_msg_by_id INFO @200-1464@%s config_cosim -tool=xsim 
INFO: [HLS 200-1464] Running solution command: config_cosim -tool=xsim
Execute     config_cosim -tool=xsim 
Execute     send_msg_by_id INFO @200-1464@%s config_cosim -trace_level=all 
INFO: [HLS 200-1464] Running solution command: config_cosim -trace_level=all
Execute     config_cosim -trace_level=all 
Execute     send_msg_by_id INFO @200-1464@%s config_cosim -wave_debug=1 
INFO: [HLS 200-1464] Running solution command: config_cosim -wave_debug=1
Execute     config_cosim -wave_debug=1 
Execute     send_msg_by_id INFO @200-1464@%s config_export -format=ip_catalog 
INFO: [HLS 200-1464] Running solution command: config_export -format=ip_catalog
Execute     config_export -format=ip_catalog 
Execute     send_msg_by_id INFO @200-1464@%s config_export -rtl=verilog 
INFO: [HLS 200-1464] Running solution command: config_export -rtl=verilog
Execute     config_export -rtl=verilog 
Execute     send_msg_by_id INFO @200-1464@%s config_export -vivado_clock=10 
INFO: [HLS 200-1464] Running solution command: config_export -vivado_clock=10
Execute     config_export -vivado_clock=10 
Command   open_solution done; 2.12 sec.
Execute   set_part xc7vx550t-ffg1927-1 
INFO: [HLS 200-1510] Running: set_part xc7vx550t-ffg1927-1 
Execute     create_platform xc7vx550t-ffg1927-1 -board  
Execute     source E:/Xilinx/Vitis_HLS/2023.2/common/technology/xilinx/common/xilinx.gen 
Execute       source E:/Xilinx/Vitis_HLS/2023.2/common/technology/xilinx/interface/plb46.gen 
Execute       source E:/Xilinx/Vitis_HLS/2023.2/common/technology/xilinx/interface/axi4.gen 
Execute       source E:/Xilinx/Vitis_HLS/2023.2/common/technology/xilinx/interface/nativeAXI4.gen 
Execute         source E:/Xilinx/Vitis_HLS/2023.2/common/technology/xilinx/interface/saxilite.gen 
Execute       source E:/Xilinx/Vitis_HLS/2023.2/common/technology/xilinx/scripts/xilinxcoregen.gen 
Execute       source E:/Xilinx/Vitis_HLS/2023.2/common/technology/xilinx/interface/XilEDKCoreGen.gen 
Execute       source E:/Xilinx/Vitis_HLS/2023.2/common/technology/xilinx/ip/dds_compiler.gen 
Execute       source E:/Xilinx/Vitis_HLS/2023.2/common/technology/xilinx/ip/util.gen 
Execute       source E:/Xilinx/Vitis_HLS/2023.2/common/technology/xilinx/ip/xfft.gen 
Execute       source E:/Xilinx/Vitis_HLS/2023.2/common/technology/xilinx/ip/xfir.gen 
Execute       source E:/Xilinx/Vitis_HLS/2023.2/common/technology/xilinx/DSP48/dsp48.gen 
Execute     ap_part_info -name xc7vx550t-ffg1927-1 -data info 
Execute     config_compile -quiet -complex-mul-dsp=0 
Command   set_part done; 0.251 sec.
Execute   create_clock -period 10 -name default 
INFO: [HLS 200-1510] Running: create_clock -period 10 -name default 
Execute   config_cosim -tool xsim -trace_level all -wave_debug 
INFO: [HLS 200-1510] Running: config_cosim -tool xsim -trace_level all -wave_debug 
Execute   config_export -format ip_catalog -rtl verilog -vivado_clock 10 
INFO: [HLS 200-1510] Running: config_export -format ip_catalog -rtl verilog -vivado_clock 10 
Execute   source ./assignment/solution1/directives.tcl 
INFO: [HLS 200-1510] Running: source ./assignment/solution1/directives.tcl
Execute     set_directive_top -name hart hart 
INFO: [HLS 200-1510] Running: set_directive_top -name hart hart 
Execute   cosim_design -wave_debug -trace_level all 
INFO: [HLS 200-1510] Running: cosim_design -wave_debug -trace_level all 
Execute     source E:/assignment/assignment/solution1/.autopilot/db/global.setting.tcl 
Execute     source E:/assignment/assignment/solution1/.autopilot/db/global.setting.tcl 
Execute     source E:/assignment/assignment/solution1/.autopilot/db/global.setting.tcl 
INFO-FLOW: DBG:PUTS: read_platform_lib E:/assignment/assignment/solution1/.autopilot/db/global.setting.tcl
Execute     source E:/Xilinx/Vitis_HLS/2023.2/common/technology/generic/autopilot/common.gen 
Execute       source E:/Xilinx/Vitis_HLS/2023.2/common/technology/generic/autopilot/APCoreGen.gen 
Execute     source E:/Xilinx/Vitis_HLS/2023.2/common/technology/generic/autopilot/op.gen 
Execute     source E:/Xilinx/Vitis_HLS/2023.2/common/technology/generic/autopilot/op_simcore.gen 
Execute     source E:/Xilinx/Vitis_HLS/2023.2/common/technology/generic/autopilot/interface.gen 
Execute     source E:/assignment/assignment/solution1/.autopilot/db/global.setting.tcl 
Execute     source E:/Xilinx/Vitis_HLS/2023.2/common/technology/xilinx/common/xilinx.gen 
Execute       source E:/Xilinx/Vitis_HLS/2023.2/common/technology/xilinx/interface/plb46.gen 
Execute       source E:/Xilinx/Vitis_HLS/2023.2/common/technology/xilinx/interface/axi4.gen 
Execute       source E:/Xilinx/Vitis_HLS/2023.2/common/technology/xilinx/interface/nativeAXI4.gen 
Execute         source E:/Xilinx/Vitis_HLS/2023.2/common/technology/xilinx/interface/saxilite.gen 
Execute       source E:/Xilinx/Vitis_HLS/2023.2/common/technology/xilinx/scripts/xilinxcoregen.gen 
Execute       source E:/Xilinx/Vitis_HLS/2023.2/common/technology/xilinx/interface/XilEDKCoreGen.gen 
Execute       source E:/Xilinx/Vitis_HLS/2023.2/common/technology/xilinx/ip/dds_compiler.gen 
Execute       source E:/Xilinx/Vitis_HLS/2023.2/common/technology/xilinx/ip/util.gen 
Execute       source E:/Xilinx/Vitis_HLS/2023.2/common/technology/xilinx/ip/xfft.gen 
Execute       source E:/Xilinx/Vitis_HLS/2023.2/common/technology/xilinx/ip/xfir.gen 
Execute       source E:/Xilinx/Vitis_HLS/2023.2/common/technology/xilinx/DSP48/dsp48.gen 
INFO-FLOW: DBG:PUTS:   using AESL_AUTOCG::g_clock_period=10 (was NA)
Execute     ap_part_info -name xc7vx550t-ffg1927-1 -data names -quiet 
Execute     ap_part_info -name xc7vx550t-ffg1927-1 -data info -quiet 
Execute     source E:/assignment/assignment/solution1/.autopilot/db/global.setting.tcl 
Execute     source E:/assignment/assignment/solution1/.autopilot/db/hart.rtl_wrap.cfg.tcl 
Execute     source E:/assignment/assignment/solution1/.autopilot/db/hart.tbgen.tcl 
Execute     source E:/assignment/assignment/solution1/.autopilot/db/hart.tbgen.tcl 
Execute     source E:/assignment/assignment/solution1/.autopilot/db/hart.tbgen.tcl 
Execute     source E:/assignment/assignment/solution1/.autopilot/db/hart.tbgen.tcl 
INFO: [COSIM 212-47] Using XSIM for RTL simulation.
INFO: [COSIM 212-14] Instrumenting C test bench ...
Execute     ap_part_info -name xc7vx550t-ffg1927-1 -data info 
INFO-FLOW: TB processing: E:/assignment/test_hart.cpp E:/assignment/assignment/solution1/./sim/autowrap/testbench/test_hart.cpp_pre.cpp
Execute     clang_tidy xilinx-tb-process -desc tb-process E:/assignment/assignment/solution1/./sim/autowrap/testbench/test_hart.cpp_pre.cpp.tb.cpp std=c++14 
INFO-FLOW: exec E:/Xilinx/Vitis_HLS/2023.2/win64/tools/clang-3.9-csynth/bin/clang-tidy -header-filter=.* --checks=-*,xilinx-tb-process -fix-errors E:/assignment/assignment/solution1/./sim/autowrap/testbench/test_hart.cpp_pre.cpp.tb.cpp -- -std=c++14 -fhls -ferror-limit=0
Command     clang_tidy done; 1.797 sec.
Execute     ap_part_info -name xc7vx550t-ffg1927-1 -data info 
INFO-FLOW: TB processing: E:/assignment/OP_AL_32I.cpp E:/assignment/assignment/solution1/./sim/autowrap/testbench/OP_AL_32I.cpp_pre.cpp
Execute     clang_tidy xilinx-tb-process -desc tb-process E:/assignment/assignment/solution1/./sim/autowrap/testbench/OP_AL_32I.cpp_pre.cpp.tb.cpp std=c++14 
INFO-FLOW: exec E:/Xilinx/Vitis_HLS/2023.2/win64/tools/clang-3.9-csynth/bin/clang-tidy -header-filter=.* --checks=-*,xilinx-tb-process -fix-errors E:/assignment/assignment/solution1/./sim/autowrap/testbench/OP_AL_32I.cpp_pre.cpp.tb.cpp -- -std=c++14 -fhls -ferror-limit=0
Command     clang_tidy done; 0.655 sec.
Execute     ap_part_info -name xc7vx550t-ffg1927-1 -data info 
INFO-FLOW: TB processing: E:/assignment/OP_AL_B.cpp E:/assignment/assignment/solution1/./sim/autowrap/testbench/OP_AL_B.cpp_pre.cpp
Execute     clang_tidy xilinx-tb-process -desc tb-process E:/assignment/assignment/solution1/./sim/autowrap/testbench/OP_AL_B.cpp_pre.cpp.tb.cpp std=c++14 
INFO-FLOW: exec E:/Xilinx/Vitis_HLS/2023.2/win64/tools/clang-3.9-csynth/bin/clang-tidy -header-filter=.* --checks=-*,xilinx-tb-process -fix-errors E:/assignment/assignment/solution1/./sim/autowrap/testbench/OP_AL_B.cpp_pre.cpp.tb.cpp -- -std=c++14 -fhls -ferror-limit=0
Command     clang_tidy done; 0.559 sec.
Execute     ap_part_info -name xc7vx550t-ffg1927-1 -data info 
INFO-FLOW: TB processing: E:/assignment/hart.cpp E:/assignment/assignment/solution1/./sim/autowrap/testbench/hart.cpp_pre.cpp
Execute     clang_tidy xilinx-tb-process -desc tb-process E:/assignment/assignment/solution1/./sim/autowrap/testbench/hart.cpp_pre.cpp.tb.cpp std=c++14 
INFO-FLOW: exec E:/Xilinx/Vitis_HLS/2023.2/win64/tools/clang-3.9-csynth/bin/clang-tidy -header-filter=.* --checks=-*,xilinx-tb-process -fix-errors E:/assignment/assignment/solution1/./sim/autowrap/testbench/hart.cpp_pre.cpp.tb.cpp -- -std=c++14 -fhls -ferror-limit=0
Command     clang_tidy done; 1.417 sec.
Execute     source E:/assignment/assignment/solution1/.autopilot/db/global.setting.tcl 
Execute     source E:/assignment/assignment/solution1/.autopilot/db/hart.rtl_wrap.cfg.tcl 
Execute     source E:/assignment/assignment/solution1/.autopilot/db/hart.rtl_wrap.cfg.tcl 
Execute     source E:/assignment/assignment/solution1/.autopilot/db/hart.rtl_wrap.cfg.tcl 
Execute     source E:/assignment/assignment/solution1/.autopilot/db/hart.tbgen.tcl 
Execute     source E:/assignment/assignment/solution1/.autopilot/db/hart.tbgen.tcl 
Execute     ap_part_info -name xc7vx550t-ffg1927-1 -data info 
Execute     source .run_sim.tcl 
INFO: [COSIM 212-302] Starting C TB testing ... 
Command     ap_source done; 0.528 sec.
INFO: [COSIM 212-333] Generating C post check test bench ...
ERROR: [COSIM 212-331] Aborting co-simulation: C simulation failed, compilation errors.
INFO-FLOW: AESL_AUTOSIM::auto_sim errorInfo:

    while executing
"::AESL_AUTOSIM::auto_sim "$argn" "
ERROR: [COSIM 212-5] *** C/RTL co-simulation file generation failed. ***
ERROR: [COSIM 212-4] *** C/RTL co-simulation finished: FAIL ***
INFO-FLOW: Caught error in cosim_design: 
    while executing
"ap_internal_cosim_design "
Command   cosim_design done; error code: 2; 48.68 sec.
INFO: [HLS 200-111] Finished Command cosim_design CPU user time: 2 seconds. CPU system time: 0 seconds. Elapsed time: 48.68 seconds; current allocated memory: 10.012 MB.
Command ap_source done; error code: 1; 51.149 sec.
Execute cleanup_all 
