E:\assignment\assignment\solution1\.autopilot\db\hart.pp.0.cpp:4697:7: warning: Added loop label VITIS_LOOP_1207_1:   [xilinx-label-all-loops]
      for (i = 0; i < __N - 1; ++i) {
      ^~~
      VITIS_LOOP_1207_1: 
E:\assignment\assignment\solution1\.autopilot\db\hart.pp.0.cpp:4697:7: note: FIX-IT applied suggested code changes
E:\assignment\assignment\solution1\.autopilot\db\hart.pp.0.cpp:5671:5: warning: Added loop label VITIS_LOOP_676_1:   [xilinx-label-all-loops]
    for (unsigned i = low; i != high; ++i) {
    ^~~
    VITIS_LOOP_676_1: 
E:\assignment\assignment\solution1\.autopilot\db\hart.pp.0.cpp:5671:5: note: FIX-IT applied suggested code changes
E:\assignment\assignment\solution1\.autopilot\db\hart.pp.0.cpp:5685:5: warning: Added loop label VITIS_LOOP_690_1:   [xilinx-label-all-loops]
    for (unsigned i = low; i != high; ++i) {
    ^~~
    VITIS_LOOP_690_1: 
E:\assignment\assignment\solution1\.autopilot\db\hart.pp.0.cpp:5685:5: note: FIX-IT applied suggested code changes
E:\assignment\assignment\solution1\.autopilot\db\hart.pp.0.cpp:5699:5: warning: Added loop label VITIS_LOOP_704_1:   [xilinx-label-all-loops]
    for (unsigned i = low; i != high; ++i) {
    ^~~
    VITIS_LOOP_704_1: 
E:\assignment\assignment\solution1\.autopilot\db\hart.pp.0.cpp:5699:5: note: FIX-IT applied suggested code changes
E:\assignment\assignment\solution1\.autopilot\db\hart.pp.0.cpp:7316:7: warning: Added loop label VITIS_LOOP_1247_1:   [xilinx-label-all-loops]
      for (i = 0; i < __N - 1; ++i) {
      ^~~
      VITIS_LOOP_1247_1: 
E:\assignment\assignment\solution1\.autopilot\db\hart.pp.0.cpp:7316:7: note: FIX-IT applied suggested code changes
